The system is: Darwin - 16.6.0 - x86_64
Compiling the C compiler identification source file "CMakeCCompilerId.c" succeeded.
Compiler: /opt/local/bin/gcc 
Build flags: 
Id flags:  

The output was:
0


Compilation of the C compiler identification source "CMakeCCompilerId.c" produced "a.out"

The C compiler identification is GNU, found in "/Users/dantopa/Documents/CMake/demo/build/CMakeFiles/3.9.0/CompilerIdC/a.out"

Compiling the CXX compiler identification source file "CMakeCXXCompilerId.cpp" succeeded.
Compiler: /opt/local/bin/g++ 
Build flags: 
Id flags:  

The output was:
0


Compilation of the CXX compiler identification source "CMakeCXXCompilerId.cpp" produced "a.out"

The CXX compiler identification is GNU, found in "/Users/dantopa/Documents/CMake/demo/build/CMakeFiles/3.9.0/CompilerIdCXX/a.out"

Determining if the C compiler works passed with the following output:
Change Dir: /Users/dantopa/Documents/CMake/demo/build/CMakeFiles/CMakeTmp

Run Build Command:"/usr/bin/make" "cmTC_76230/fast"
/Applications/Xcode.app/Contents/Developer/usr/bin/make -f CMakeFiles/cmTC_76230.dir/build.make CMakeFiles/cmTC_76230.dir/build
Building C object CMakeFiles/cmTC_76230.dir/testCCompiler.c.o
/opt/local/bin/gcc    -o CMakeFiles/cmTC_76230.dir/testCCompiler.c.o   -c /Users/dantopa/Documents/CMake/demo/build/CMakeFiles/CMakeTmp/testCCompiler.c
Linking C executable cmTC_76230
/opt/local/bin/cmake -E cmake_link_script CMakeFiles/cmTC_76230.dir/link.txt --verbose=1
/opt/local/bin/gcc   -Wl,-search_paths_first -Wl,-headerpad_max_install_names   CMakeFiles/cmTC_76230.dir/testCCompiler.c.o  -o cmTC_76230 


Detecting C compiler ABI info compiled with the following output:
Change Dir: /Users/dantopa/Documents/CMake/demo/build/CMakeFiles/CMakeTmp

Run Build Command:"/usr/bin/make" "cmTC_0afdd/fast"
/Applications/Xcode.app/Contents/Developer/usr/bin/make -f CMakeFiles/cmTC_0afdd.dir/build.make CMakeFiles/cmTC_0afdd.dir/build
Building C object CMakeFiles/cmTC_0afdd.dir/CMakeCCompilerABI.c.o
/opt/local/bin/gcc    -o CMakeFiles/cmTC_0afdd.dir/CMakeCCompilerABI.c.o   -c /opt/local/share/cmake-3.9/Modules/CMakeCCompilerABI.c
Linking C executable cmTC_0afdd
/opt/local/bin/cmake -E cmake_link_script CMakeFiles/cmTC_0afdd.dir/link.txt --verbose=1
/opt/local/bin/gcc   -Wl,-search_paths_first -Wl,-headerpad_max_install_names  -v -Wl,-v CMakeFiles/cmTC_0afdd.dir/CMakeCCompilerABI.c.o  -o cmTC_0afdd 
Using built-in specs.
COLLECT_GCC=/opt/local/bin/gcc
COLLECT_LTO_WRAPPER=/opt/local/libexec/gcc/x86_64-apple-darwin16/7.1.1/lto-wrapper
Target: x86_64-apple-darwin16
Configured with: /opt/local/var/macports/build/_opt_bblocal_var_buildworker_ports_build_ports_lang_gcc7/gcc7/work/gcc-7-20170622/configure --prefix=/opt/local --build=x86_64-apple-darwin16 --enable-languages=c,c++,objc,obj-c++,lto,fortran --libdir=/opt/local/lib/gcc7 --includedir=/opt/local/include/gcc7 --infodir=/opt/local/share/info --mandir=/opt/local/share/man --datarootdir=/opt/local/share/gcc-7 --with-local-prefix=/opt/local --with-system-zlib --disable-nls --program-suffix=-mp-7 --with-gxx-include-dir=/opt/local/include/gcc7/c++/ --with-gmp=/opt/local --with-mpfr=/opt/local --with-mpc=/opt/local --with-isl=/opt/local --enable-stage1-checking --disable-multilib --enable-lto --enable-libstdcxx-time --with-build-config=bootstrap-debug --with-as=/opt/local/bin/as --with-ld=/opt/local/bin/ld --with-ar=/opt/local/bin/ar --with-bugurl=https://trac.macports.org/newticket --with-pkgversion='MacPorts gcc7 7-20170622_0'
Thread model: posix
gcc version 7.1.1 20170622 (MacPorts gcc7 7-20170622_0) 
COMPILER_PATH=/opt/local/libexec/gcc/x86_64-apple-darwin16/7.1.1/:/opt/local/libexec/gcc/x86_64-apple-darwin16/7.1.1/:/opt/local/libexec/gcc/x86_64-apple-darwin16/:/opt/local/lib/gcc7/gcc/x86_64-apple-darwin16/7.1.1/:/opt/local/lib/gcc7/gcc/x86_64-apple-darwin16/
LIBRARY_PATH=/opt/local/lib/gcc7/gcc/x86_64-apple-darwin16/7.1.1/:/opt/local/lib/gcc7/gcc/x86_64-apple-darwin16/7.1.1/../../../
COLLECT_GCC_OPTIONS='-v' '-o' 'cmTC_0afdd' '-mmacosx-version-min=10.12.6' '-asm_macosx_version_min=10.12' '-mtune=core2'
 /opt/local/libexec/gcc/x86_64-apple-darwin16/7.1.1/collect2 -dynamic -arch x86_64 -macosx_version_min 10.12.6 -weak_reference_mismatches non-weak -o cmTC_0afdd -L/opt/local/lib/gcc7/gcc/x86_64-apple-darwin16/7.1.1 -L/opt/local/lib/gcc7/gcc/x86_64-apple-darwin16/7.1.1/../../.. -search_paths_first -headerpad_max_install_names -v CMakeFiles/cmTC_0afdd.dir/CMakeCCompilerABI.c.o -no_compact_unwind -lSystem -lgcc_ext.10.5 -lgcc -lSystem -v
collect2 version 7.1.1 20170622
/opt/local/bin/ld -dynamic -arch x86_64 -macosx_version_min 10.12.6 -weak_reference_mismatches non-weak -o cmTC_0afdd -L/opt/local/lib/gcc7/gcc/x86_64-apple-darwin16/7.1.1 -L/opt/local/lib/gcc7/gcc/x86_64-apple-darwin16/7.1.1/../../.. -search_paths_first -headerpad_max_install_names -v CMakeFiles/cmTC_0afdd.dir/CMakeCCompilerABI.c.o -no_compact_unwind -lSystem -lgcc_ext.10.5 -lgcc -lSystem -v
@(#)PROGRAM:ld  PROJECT:ld64-274.2
configured to support archs: i386 x86_64 x86_64h armv6 armv7 armv7s armv7m armv7k arm64 (tvOS)
@(#)PROGRAM:ld  PROJECT:ld64-274.2
configured to support archs: i386 x86_64 x86_64h armv6 armv7 armv7s armv7m armv7k arm64 (tvOS)
Library search paths:
	/opt/local/lib/gcc7/gcc/x86_64-apple-darwin16/7.1.1
	/opt/local/lib/gcc7
	/usr/lib
Framework search paths:
	/Library/Frameworks/
	/System/Library/Frameworks/
 /opt/local/bin/nm -n CMakeFiles/cmTC_0afdd.dir/CMakeCCompilerABI.c.o


Parsed C implicit link information from above output:
  link line regex: [^( *|.*[/\])(ld|CMAKE_LINK_STARTFILE-NOTFOUND|([^/\]+-)?ld|collect2)[^/\]*( |$)]
  ignore line: [Change Dir: /Users/dantopa/Documents/CMake/demo/build/CMakeFiles/CMakeTmp]
  ignore line: []
  ignore line: [Run Build Command:"/usr/bin/make" "cmTC_0afdd/fast"]
  ignore line: [/Applications/Xcode.app/Contents/Developer/usr/bin/make -f CMakeFiles/cmTC_0afdd.dir/build.make CMakeFiles/cmTC_0afdd.dir/build]
  ignore line: [Building C object CMakeFiles/cmTC_0afdd.dir/CMakeCCompilerABI.c.o]
  ignore line: [/opt/local/bin/gcc    -o CMakeFiles/cmTC_0afdd.dir/CMakeCCompilerABI.c.o   -c /opt/local/share/cmake-3.9/Modules/CMakeCCompilerABI.c]
  ignore line: [Linking C executable cmTC_0afdd]
  ignore line: [/opt/local/bin/cmake -E cmake_link_script CMakeFiles/cmTC_0afdd.dir/link.txt --verbose=1]
  ignore line: [/opt/local/bin/gcc   -Wl,-search_paths_first -Wl,-headerpad_max_install_names  -v -Wl,-v CMakeFiles/cmTC_0afdd.dir/CMakeCCompilerABI.c.o  -o cmTC_0afdd ]
  ignore line: [Using built-in specs.]
  ignore line: [COLLECT_GCC=/opt/local/bin/gcc]
  ignore line: [COLLECT_LTO_WRAPPER=/opt/local/libexec/gcc/x86_64-apple-darwin16/7.1.1/lto-wrapper]
  ignore line: [Target: x86_64-apple-darwin16]
  ignore line: [Configured with: /opt/local/var/macports/build/_opt_bblocal_var_buildworker_ports_build_ports_lang_gcc7/gcc7/work/gcc-7-20170622/configure --prefix=/opt/local --build=x86_64-apple-darwin16 --enable-languages=c,c++,objc,obj-c++,lto,fortran --libdir=/opt/local/lib/gcc7 --includedir=/opt/local/include/gcc7 --infodir=/opt/local/share/info --mandir=/opt/local/share/man --datarootdir=/opt/local/share/gcc-7 --with-local-prefix=/opt/local --with-system-zlib --disable-nls --program-suffix=-mp-7 --with-gxx-include-dir=/opt/local/include/gcc7/c++/ --with-gmp=/opt/local --with-mpfr=/opt/local --with-mpc=/opt/local --with-isl=/opt/local --enable-stage1-checking --disable-multilib --enable-lto --enable-libstdcxx-time --with-build-config=bootstrap-debug --with-as=/opt/local/bin/as --with-ld=/opt/local/bin/ld --with-ar=/opt/local/bin/ar --with-bugurl=https://trac.macports.org/newticket --with-pkgversion='MacPorts gcc7 7-20170622_0']
  ignore line: [Thread model: posix]
  ignore line: [gcc version 7.1.1 20170622 (MacPorts gcc7 7-20170622_0) ]
  ignore line: [COMPILER_PATH=/opt/local/libexec/gcc/x86_64-apple-darwin16/7.1.1/:/opt/local/libexec/gcc/x86_64-apple-darwin16/7.1.1/:/opt/local/libexec/gcc/x86_64-apple-darwin16/:/opt/local/lib/gcc7/gcc/x86_64-apple-darwin16/7.1.1/:/opt/local/lib/gcc7/gcc/x86_64-apple-darwin16/]
  ignore line: [LIBRARY_PATH=/opt/local/lib/gcc7/gcc/x86_64-apple-darwin16/7.1.1/:/opt/local/lib/gcc7/gcc/x86_64-apple-darwin16/7.1.1/../../../]
  ignore line: [COLLECT_GCC_OPTIONS='-v' '-o' 'cmTC_0afdd' '-mmacosx-version-min=10.12.6' '-asm_macosx_version_min=10.12' '-mtune=core2']
  link line: [ /opt/local/libexec/gcc/x86_64-apple-darwin16/7.1.1/collect2 -dynamic -arch x86_64 -macosx_version_min 10.12.6 -weak_reference_mismatches non-weak -o cmTC_0afdd -L/opt/local/lib/gcc7/gcc/x86_64-apple-darwin16/7.1.1 -L/opt/local/lib/gcc7/gcc/x86_64-apple-darwin16/7.1.1/../../.. -search_paths_first -headerpad_max_install_names -v CMakeFiles/cmTC_0afdd.dir/CMakeCCompilerABI.c.o -no_compact_unwind -lSystem -lgcc_ext.10.5 -lgcc -lSystem -v]
    arg [/opt/local/libexec/gcc/x86_64-apple-darwin16/7.1.1/collect2] ==> ignore
    arg [-dynamic] ==> ignore
    arg [-arch] ==> ignore
    arg [x86_64] ==> ignore
    arg [-macosx_version_min] ==> ignore
    arg [10.12.6] ==> ignore
    arg [-weak_reference_mismatches] ==> ignore
    arg [non-weak] ==> ignore
    arg [-o] ==> ignore
    arg [cmTC_0afdd] ==> ignore
    arg [-L/opt/local/lib/gcc7/gcc/x86_64-apple-darwin16/7.1.1] ==> dir [/opt/local/lib/gcc7/gcc/x86_64-apple-darwin16/7.1.1]
    arg [-L/opt/local/lib/gcc7/gcc/x86_64-apple-darwin16/7.1.1/../../..] ==> dir [/opt/local/lib/gcc7/gcc/x86_64-apple-darwin16/7.1.1/../../..]
    arg [-search_paths_first] ==> ignore
    arg [-headerpad_max_install_names] ==> ignore
    arg [-v] ==> ignore
    arg [CMakeFiles/cmTC_0afdd.dir/CMakeCCompilerABI.c.o] ==> ignore
    arg [-no_compact_unwind] ==> ignore
    arg [-lSystem] ==> lib [System]
    arg [-lgcc_ext.10.5] ==> lib [gcc_ext.10.5]
    arg [-lgcc] ==> lib [gcc]
    arg [-lSystem] ==> lib [System]
    arg [-v] ==> ignore
  Library search paths: [;/opt/local/lib/gcc7/gcc/x86_64-apple-darwin16/7.1.1;/opt/local/lib/gcc7;/usr/lib]
  Framework search paths: [;/Library/Frameworks/;/System/Library/Frameworks/]
  remove lib [System]
  remove lib [System]
  collapse library dir [/opt/local/lib/gcc7/gcc/x86_64-apple-darwin16/7.1.1] ==> [/opt/local/lib/gcc7/gcc/x86_64-apple-darwin16/7.1.1]
  collapse library dir [/opt/local/lib/gcc7/gcc/x86_64-apple-darwin16/7.1.1/../../..] ==> [/opt/local/lib/gcc7]
  collapse library dir [/opt/local/lib/gcc7/gcc/x86_64-apple-darwin16/7.1.1] ==> [/opt/local/lib/gcc7/gcc/x86_64-apple-darwin16/7.1.1]
  collapse library dir [/opt/local/lib/gcc7] ==> [/opt/local/lib/gcc7]
  collapse library dir [/usr/lib] ==> [/usr/lib]
  collapse framework dir [/Library/Frameworks/] ==> [/Library/Frameworks]
  collapse framework dir [/System/Library/Frameworks/] ==> [/System/Library/Frameworks]
  implicit libs: [gcc_ext.10.5;gcc]
  implicit dirs: [/opt/local/lib/gcc7/gcc/x86_64-apple-darwin16/7.1.1;/opt/local/lib/gcc7;/usr/lib]
  implicit fwks: [/Library/Frameworks;/System/Library/Frameworks]




Detecting C [-std=c11] compiler features compiled with the following output:
Change Dir: /Users/dantopa/Documents/CMake/demo/build/CMakeFiles/CMakeTmp

Run Build Command:"/usr/bin/make" "cmTC_cd4ab/fast"
/Applications/Xcode.app/Contents/Developer/usr/bin/make -f CMakeFiles/cmTC_cd4ab.dir/build.make CMakeFiles/cmTC_cd4ab.dir/build
Building C object CMakeFiles/cmTC_cd4ab.dir/feature_tests.c.o
/opt/local/bin/gcc   -std=c11 -o CMakeFiles/cmTC_cd4ab.dir/feature_tests.c.o   -c /Users/dantopa/Documents/CMake/demo/build/CMakeFiles/feature_tests.c
Linking C executable cmTC_cd4ab
/opt/local/bin/cmake -E cmake_link_script CMakeFiles/cmTC_cd4ab.dir/link.txt --verbose=1
/opt/local/bin/gcc   -Wl,-search_paths_first -Wl,-headerpad_max_install_names   CMakeFiles/cmTC_cd4ab.dir/feature_tests.c.o  -o cmTC_cd4ab 


    Feature record: C_FEATURE:1c_function_prototypes
    Feature record: C_FEATURE:1c_restrict
    Feature record: C_FEATURE:1c_static_assert
    Feature record: C_FEATURE:1c_variadic_macros


Detecting C [-std=c99] compiler features compiled with the following output:
Change Dir: /Users/dantopa/Documents/CMake/demo/build/CMakeFiles/CMakeTmp

Run Build Command:"/usr/bin/make" "cmTC_04a8f/fast"
/Applications/Xcode.app/Contents/Developer/usr/bin/make -f CMakeFiles/cmTC_04a8f.dir/build.make CMakeFiles/cmTC_04a8f.dir/build
Building C object CMakeFiles/cmTC_04a8f.dir/feature_tests.c.o
/opt/local/bin/gcc   -std=c99 -o CMakeFiles/cmTC_04a8f.dir/feature_tests.c.o   -c /Users/dantopa/Documents/CMake/demo/build/CMakeFiles/feature_tests.c
Linking C executable cmTC_04a8f
/opt/local/bin/cmake -E cmake_link_script CMakeFiles/cmTC_04a8f.dir/link.txt --verbose=1
/opt/local/bin/gcc   -Wl,-search_paths_first -Wl,-headerpad_max_install_names   CMakeFiles/cmTC_04a8f.dir/feature_tests.c.o  -o cmTC_04a8f 


    Feature record: C_FEATURE:1c_function_prototypes
    Feature record: C_FEATURE:1c_restrict
    Feature record: C_FEATURE:0c_static_assert
    Feature record: C_FEATURE:1c_variadic_macros


Detecting C [-std=c90] compiler features compiled with the following output:
Change Dir: /Users/dantopa/Documents/CMake/demo/build/CMakeFiles/CMakeTmp

Run Build Command:"/usr/bin/make" "cmTC_60a1d/fast"
/Applications/Xcode.app/Contents/Developer/usr/bin/make -f CMakeFiles/cmTC_60a1d.dir/build.make CMakeFiles/cmTC_60a1d.dir/build
Building C object CMakeFiles/cmTC_60a1d.dir/feature_tests.c.o
/opt/local/bin/gcc   -std=c90 -o CMakeFiles/cmTC_60a1d.dir/feature_tests.c.o   -c /Users/dantopa/Documents/CMake/demo/build/CMakeFiles/feature_tests.c
Linking C executable cmTC_60a1d
/opt/local/bin/cmake -E cmake_link_script CMakeFiles/cmTC_60a1d.dir/link.txt --verbose=1
/opt/local/bin/gcc   -Wl,-search_paths_first -Wl,-headerpad_max_install_names   CMakeFiles/cmTC_60a1d.dir/feature_tests.c.o  -o cmTC_60a1d 


    Feature record: C_FEATURE:1c_function_prototypes
    Feature record: C_FEATURE:0c_restrict
    Feature record: C_FEATURE:0c_static_assert
    Feature record: C_FEATURE:0c_variadic_macros
Determining if the CXX compiler works passed with the following output:
Change Dir: /Users/dantopa/Documents/CMake/demo/build/CMakeFiles/CMakeTmp

Run Build Command:"/usr/bin/make" "cmTC_b0f67/fast"
/Applications/Xcode.app/Contents/Developer/usr/bin/make -f CMakeFiles/cmTC_b0f67.dir/build.make CMakeFiles/cmTC_b0f67.dir/build
Building CXX object CMakeFiles/cmTC_b0f67.dir/testCXXCompiler.cxx.o
/opt/local/bin/g++     -o CMakeFiles/cmTC_b0f67.dir/testCXXCompiler.cxx.o -c /Users/dantopa/Documents/CMake/demo/build/CMakeFiles/CMakeTmp/testCXXCompiler.cxx
Linking CXX executable cmTC_b0f67
/opt/local/bin/cmake -E cmake_link_script CMakeFiles/cmTC_b0f67.dir/link.txt --verbose=1
/opt/local/bin/g++    -Wl,-search_paths_first -Wl,-headerpad_max_install_names   CMakeFiles/cmTC_b0f67.dir/testCXXCompiler.cxx.o  -o cmTC_b0f67 


Detecting CXX compiler ABI info compiled with the following output:
Change Dir: /Users/dantopa/Documents/CMake/demo/build/CMakeFiles/CMakeTmp

Run Build Command:"/usr/bin/make" "cmTC_9dc07/fast"
/Applications/Xcode.app/Contents/Developer/usr/bin/make -f CMakeFiles/cmTC_9dc07.dir/build.make CMakeFiles/cmTC_9dc07.dir/build
Building CXX object CMakeFiles/cmTC_9dc07.dir/CMakeCXXCompilerABI.cpp.o
/opt/local/bin/g++     -o CMakeFiles/cmTC_9dc07.dir/CMakeCXXCompilerABI.cpp.o -c /opt/local/share/cmake-3.9/Modules/CMakeCXXCompilerABI.cpp
Linking CXX executable cmTC_9dc07
/opt/local/bin/cmake -E cmake_link_script CMakeFiles/cmTC_9dc07.dir/link.txt --verbose=1
/opt/local/bin/g++    -Wl,-search_paths_first -Wl,-headerpad_max_install_names  -v -Wl,-v CMakeFiles/cmTC_9dc07.dir/CMakeCXXCompilerABI.cpp.o  -o cmTC_9dc07 
Using built-in specs.
COLLECT_GCC=/opt/local/bin/g++
COLLECT_LTO_WRAPPER=/opt/local/libexec/gcc/x86_64-apple-darwin16/7.1.1/lto-wrapper
Target: x86_64-apple-darwin16
Configured with: /opt/local/var/macports/build/_opt_bblocal_var_buildworker_ports_build_ports_lang_gcc7/gcc7/work/gcc-7-20170622/configure --prefix=/opt/local --build=x86_64-apple-darwin16 --enable-languages=c,c++,objc,obj-c++,lto,fortran --libdir=/opt/local/lib/gcc7 --includedir=/opt/local/include/gcc7 --infodir=/opt/local/share/info --mandir=/opt/local/share/man --datarootdir=/opt/local/share/gcc-7 --with-local-prefix=/opt/local --with-system-zlib --disable-nls --program-suffix=-mp-7 --with-gxx-include-dir=/opt/local/include/gcc7/c++/ --with-gmp=/opt/local --with-mpfr=/opt/local --with-mpc=/opt/local --with-isl=/opt/local --enable-stage1-checking --disable-multilib --enable-lto --enable-libstdcxx-time --with-build-config=bootstrap-debug --with-as=/opt/local/bin/as --with-ld=/opt/local/bin/ld --with-ar=/opt/local/bin/ar --with-bugurl=https://trac.macports.org/newticket --with-pkgversion='MacPorts gcc7 7-20170622_0'
Thread model: posix
gcc version 7.1.1 20170622 (MacPorts gcc7 7-20170622_0) 
COMPILER_PATH=/opt/local/libexec/gcc/x86_64-apple-darwin16/7.1.1/:/opt/local/libexec/gcc/x86_64-apple-darwin16/7.1.1/:/opt/local/libexec/gcc/x86_64-apple-darwin16/:/opt/local/lib/gcc7/gcc/x86_64-apple-darwin16/7.1.1/:/opt/local/lib/gcc7/gcc/x86_64-apple-darwin16/
LIBRARY_PATH=/opt/local/lib/gcc7/gcc/x86_64-apple-darwin16/7.1.1/:/opt/local/lib/gcc7/gcc/x86_64-apple-darwin16/7.1.1/../../../
COLLECT_GCC_OPTIONS='-v' '-o' 'cmTC_9dc07' '-mmacosx-version-min=10.12.6' '-asm_macosx_version_min=10.12' '-shared-libgcc' '-mtune=core2'
 /opt/local/libexec/gcc/x86_64-apple-darwin16/7.1.1/collect2 -dynamic -arch x86_64 -macosx_version_min 10.12.6 -weak_reference_mismatches non-weak -o cmTC_9dc07 -L/opt/local/lib/gcc7/gcc/x86_64-apple-darwin16/7.1.1 -L/opt/local/lib/gcc7/gcc/x86_64-apple-darwin16/7.1.1/../../.. -search_paths_first -headerpad_max_install_names -v CMakeFiles/cmTC_9dc07.dir/CMakeCXXCompilerABI.cpp.o -lstdc++ -no_compact_unwind -lSystem -lgcc_ext.10.5 -lgcc -lSystem -v
collect2 version 7.1.1 20170622
/opt/local/bin/ld -dynamic -arch x86_64 -macosx_version_min 10.12.6 -weak_reference_mismatches non-weak -o cmTC_9dc07 -L/opt/local/lib/gcc7/gcc/x86_64-apple-darwin16/7.1.1 -L/opt/local/lib/gcc7/gcc/x86_64-apple-darwin16/7.1.1/../../.. -search_paths_first -headerpad_max_install_names -v CMakeFiles/cmTC_9dc07.dir/CMakeCXXCompilerABI.cpp.o -lstdc++ -no_compact_unwind -lSystem -lgcc_ext.10.5 -lgcc -lSystem -v
@(#)PROGRAM:ld  PROJECT:ld64-274.2
configured to support archs: i386 x86_64 x86_64h armv6 armv7 armv7s armv7m armv7k arm64 (tvOS)
@(#)PROGRAM:ld  PROJECT:ld64-274.2
configured to support archs: i386 x86_64 x86_64h armv6 armv7 armv7s armv7m armv7k arm64 (tvOS)
Library search paths:
	/opt/local/lib/gcc7/gcc/x86_64-apple-darwin16/7.1.1
	/opt/local/lib/gcc7
	/usr/lib
Framework search paths:
	/Library/Frameworks/
	/System/Library/Frameworks/
 /opt/local/bin/nm -n CMakeFiles/cmTC_9dc07.dir/CMakeCXXCompilerABI.cpp.o


Parsed CXX implicit link information from above output:
  link line regex: [^( *|.*[/\])(ld|CMAKE_LINK_STARTFILE-NOTFOUND|([^/\]+-)?ld|collect2)[^/\]*( |$)]
  ignore line: [Change Dir: /Users/dantopa/Documents/CMake/demo/build/CMakeFiles/CMakeTmp]
  ignore line: []
  ignore line: [Run Build Command:"/usr/bin/make" "cmTC_9dc07/fast"]
  ignore line: [/Applications/Xcode.app/Contents/Developer/usr/bin/make -f CMakeFiles/cmTC_9dc07.dir/build.make CMakeFiles/cmTC_9dc07.dir/build]
  ignore line: [Building CXX object CMakeFiles/cmTC_9dc07.dir/CMakeCXXCompilerABI.cpp.o]
  ignore line: [/opt/local/bin/g++     -o CMakeFiles/cmTC_9dc07.dir/CMakeCXXCompilerABI.cpp.o -c /opt/local/share/cmake-3.9/Modules/CMakeCXXCompilerABI.cpp]
  ignore line: [Linking CXX executable cmTC_9dc07]
  ignore line: [/opt/local/bin/cmake -E cmake_link_script CMakeFiles/cmTC_9dc07.dir/link.txt --verbose=1]
  ignore line: [/opt/local/bin/g++    -Wl,-search_paths_first -Wl,-headerpad_max_install_names  -v -Wl,-v CMakeFiles/cmTC_9dc07.dir/CMakeCXXCompilerABI.cpp.o  -o cmTC_9dc07 ]
  ignore line: [Using built-in specs.]
  ignore line: [COLLECT_GCC=/opt/local/bin/g++]
  ignore line: [COLLECT_LTO_WRAPPER=/opt/local/libexec/gcc/x86_64-apple-darwin16/7.1.1/lto-wrapper]
  ignore line: [Target: x86_64-apple-darwin16]
  ignore line: [Configured with: /opt/local/var/macports/build/_opt_bblocal_var_buildworker_ports_build_ports_lang_gcc7/gcc7/work/gcc-7-20170622/configure --prefix=/opt/local --build=x86_64-apple-darwin16 --enable-languages=c,c++,objc,obj-c++,lto,fortran --libdir=/opt/local/lib/gcc7 --includedir=/opt/local/include/gcc7 --infodir=/opt/local/share/info --mandir=/opt/local/share/man --datarootdir=/opt/local/share/gcc-7 --with-local-prefix=/opt/local --with-system-zlib --disable-nls --program-suffix=-mp-7 --with-gxx-include-dir=/opt/local/include/gcc7/c++/ --with-gmp=/opt/local --with-mpfr=/opt/local --with-mpc=/opt/local --with-isl=/opt/local --enable-stage1-checking --disable-multilib --enable-lto --enable-libstdcxx-time --with-build-config=bootstrap-debug --with-as=/opt/local/bin/as --with-ld=/opt/local/bin/ld --with-ar=/opt/local/bin/ar --with-bugurl=https://trac.macports.org/newticket --with-pkgversion='MacPorts gcc7 7-20170622_0']
  ignore line: [Thread model: posix]
  ignore line: [gcc version 7.1.1 20170622 (MacPorts gcc7 7-20170622_0) ]
  ignore line: [COMPILER_PATH=/opt/local/libexec/gcc/x86_64-apple-darwin16/7.1.1/:/opt/local/libexec/gcc/x86_64-apple-darwin16/7.1.1/:/opt/local/libexec/gcc/x86_64-apple-darwin16/:/opt/local/lib/gcc7/gcc/x86_64-apple-darwin16/7.1.1/:/opt/local/lib/gcc7/gcc/x86_64-apple-darwin16/]
  ignore line: [LIBRARY_PATH=/opt/local/lib/gcc7/gcc/x86_64-apple-darwin16/7.1.1/:/opt/local/lib/gcc7/gcc/x86_64-apple-darwin16/7.1.1/../../../]
  ignore line: [COLLECT_GCC_OPTIONS='-v' '-o' 'cmTC_9dc07' '-mmacosx-version-min=10.12.6' '-asm_macosx_version_min=10.12' '-shared-libgcc' '-mtune=core2']
  link line: [ /opt/local/libexec/gcc/x86_64-apple-darwin16/7.1.1/collect2 -dynamic -arch x86_64 -macosx_version_min 10.12.6 -weak_reference_mismatches non-weak -o cmTC_9dc07 -L/opt/local/lib/gcc7/gcc/x86_64-apple-darwin16/7.1.1 -L/opt/local/lib/gcc7/gcc/x86_64-apple-darwin16/7.1.1/../../.. -search_paths_first -headerpad_max_install_names -v CMakeFiles/cmTC_9dc07.dir/CMakeCXXCompilerABI.cpp.o -lstdc++ -no_compact_unwind -lSystem -lgcc_ext.10.5 -lgcc -lSystem -v]
    arg [/opt/local/libexec/gcc/x86_64-apple-darwin16/7.1.1/collect2] ==> ignore
    arg [-dynamic] ==> ignore
    arg [-arch] ==> ignore
    arg [x86_64] ==> ignore
    arg [-macosx_version_min] ==> ignore
    arg [10.12.6] ==> ignore
    arg [-weak_reference_mismatches] ==> ignore
    arg [non-weak] ==> ignore
    arg [-o] ==> ignore
    arg [cmTC_9dc07] ==> ignore
    arg [-L/opt/local/lib/gcc7/gcc/x86_64-apple-darwin16/7.1.1] ==> dir [/opt/local/lib/gcc7/gcc/x86_64-apple-darwin16/7.1.1]
    arg [-L/opt/local/lib/gcc7/gcc/x86_64-apple-darwin16/7.1.1/../../..] ==> dir [/opt/local/lib/gcc7/gcc/x86_64-apple-darwin16/7.1.1/../../..]
    arg [-search_paths_first] ==> ignore
    arg [-headerpad_max_install_names] ==> ignore
    arg [-v] ==> ignore
    arg [CMakeFiles/cmTC_9dc07.dir/CMakeCXXCompilerABI.cpp.o] ==> ignore
    arg [-lstdc++] ==> lib [stdc++]
    arg [-no_compact_unwind] ==> ignore
    arg [-lSystem] ==> lib [System]
    arg [-lgcc_ext.10.5] ==> lib [gcc_ext.10.5]
    arg [-lgcc] ==> lib [gcc]
    arg [-lSystem] ==> lib [System]
    arg [-v] ==> ignore
  Library search paths: [;/opt/local/lib/gcc7/gcc/x86_64-apple-darwin16/7.1.1;/opt/local/lib/gcc7;/usr/lib]
  Framework search paths: [;/Library/Frameworks/;/System/Library/Frameworks/]
  remove lib [System]
  remove lib [System]
  collapse library dir [/opt/local/lib/gcc7/gcc/x86_64-apple-darwin16/7.1.1] ==> [/opt/local/lib/gcc7/gcc/x86_64-apple-darwin16/7.1.1]
  collapse library dir [/opt/local/lib/gcc7/gcc/x86_64-apple-darwin16/7.1.1/../../..] ==> [/opt/local/lib/gcc7]
  collapse library dir [/opt/local/lib/gcc7/gcc/x86_64-apple-darwin16/7.1.1] ==> [/opt/local/lib/gcc7/gcc/x86_64-apple-darwin16/7.1.1]
  collapse library dir [/opt/local/lib/gcc7] ==> [/opt/local/lib/gcc7]
  collapse library dir [/usr/lib] ==> [/usr/lib]
  collapse framework dir [/Library/Frameworks/] ==> [/Library/Frameworks]
  collapse framework dir [/System/Library/Frameworks/] ==> [/System/Library/Frameworks]
  implicit libs: [stdc++;gcc_ext.10.5;gcc]
  implicit dirs: [/opt/local/lib/gcc7/gcc/x86_64-apple-darwin16/7.1.1;/opt/local/lib/gcc7;/usr/lib]
  implicit fwks: [/Library/Frameworks;/System/Library/Frameworks]




Detecting CXX [-std=c++1z] compiler features compiled with the following output:
Change Dir: /Users/dantopa/Documents/CMake/demo/build/CMakeFiles/CMakeTmp

Run Build Command:"/usr/bin/make" "cmTC_5a6bc/fast"
/Applications/Xcode.app/Contents/Developer/usr/bin/make -f CMakeFiles/cmTC_5a6bc.dir/build.make CMakeFiles/cmTC_5a6bc.dir/build
Building CXX object CMakeFiles/cmTC_5a6bc.dir/feature_tests.cxx.o
/opt/local/bin/g++    -std=c++1z -o CMakeFiles/cmTC_5a6bc.dir/feature_tests.cxx.o -c /Users/dantopa/Documents/CMake/demo/build/CMakeFiles/feature_tests.cxx
Linking CXX executable cmTC_5a6bc
/opt/local/bin/cmake -E cmake_link_script CMakeFiles/cmTC_5a6bc.dir/link.txt --verbose=1
/opt/local/bin/g++    -Wl,-search_paths_first -Wl,-headerpad_max_install_names   CMakeFiles/cmTC_5a6bc.dir/feature_tests.cxx.o  -o cmTC_5a6bc 


    Feature record: CXX_FEATURE:1cxx_aggregate_default_initializers
    Feature record: CXX_FEATURE:1cxx_alias_templates
    Feature record: CXX_FEATURE:1cxx_alignas
    Feature record: CXX_FEATURE:1cxx_alignof
    Feature record: CXX_FEATURE:1cxx_attributes
    Feature record: CXX_FEATURE:1cxx_attribute_deprecated
    Feature record: CXX_FEATURE:1cxx_auto_type
    Feature record: CXX_FEATURE:1cxx_binary_literals
    Feature record: CXX_FEATURE:1cxx_constexpr
    Feature record: CXX_FEATURE:1cxx_contextual_conversions
    Feature record: CXX_FEATURE:1cxx_decltype
    Feature record: CXX_FEATURE:1cxx_decltype_auto
    Feature record: CXX_FEATURE:1cxx_decltype_incomplete_return_types
    Feature record: CXX_FEATURE:1cxx_default_function_template_args
    Feature record: CXX_FEATURE:1cxx_defaulted_functions
    Feature record: CXX_FEATURE:1cxx_defaulted_move_initializers
    Feature record: CXX_FEATURE:1cxx_delegating_constructors
    Feature record: CXX_FEATURE:1cxx_deleted_functions
    Feature record: CXX_FEATURE:1cxx_digit_separators
    Feature record: CXX_FEATURE:1cxx_enum_forward_declarations
    Feature record: CXX_FEATURE:1cxx_explicit_conversions
    Feature record: CXX_FEATURE:1cxx_extended_friend_declarations
    Feature record: CXX_FEATURE:1cxx_extern_templates
    Feature record: CXX_FEATURE:1cxx_final
    Feature record: CXX_FEATURE:1cxx_func_identifier
    Feature record: CXX_FEATURE:1cxx_generalized_initializers
    Feature record: CXX_FEATURE:1cxx_generic_lambdas
    Feature record: CXX_FEATURE:1cxx_inheriting_constructors
    Feature record: CXX_FEATURE:1cxx_inline_namespaces
    Feature record: CXX_FEATURE:1cxx_lambdas
    Feature record: CXX_FEATURE:1cxx_lambda_init_captures
    Feature record: CXX_FEATURE:1cxx_local_type_template_args
    Feature record: CXX_FEATURE:1cxx_long_long_type
    Feature record: CXX_FEATURE:1cxx_noexcept
    Feature record: CXX_FEATURE:1cxx_nonstatic_member_init
    Feature record: CXX_FEATURE:1cxx_nullptr
    Feature record: CXX_FEATURE:1cxx_override
    Feature record: CXX_FEATURE:1cxx_range_for
    Feature record: CXX_FEATURE:1cxx_raw_string_literals
    Feature record: CXX_FEATURE:1cxx_reference_qualified_functions
    Feature record: CXX_FEATURE:1cxx_relaxed_constexpr
    Feature record: CXX_FEATURE:1cxx_return_type_deduction
    Feature record: CXX_FEATURE:1cxx_right_angle_brackets
    Feature record: CXX_FEATURE:1cxx_rvalue_references
    Feature record: CXX_FEATURE:1cxx_sizeof_member
    Feature record: CXX_FEATURE:1cxx_static_assert
    Feature record: CXX_FEATURE:1cxx_strong_enums
    Feature record: CXX_FEATURE:1cxx_template_template_parameters
    Feature record: CXX_FEATURE:1cxx_thread_local
    Feature record: CXX_FEATURE:1cxx_trailing_return_types
    Feature record: CXX_FEATURE:1cxx_unicode_literals
    Feature record: CXX_FEATURE:1cxx_uniform_initialization
    Feature record: CXX_FEATURE:1cxx_unrestricted_unions
    Feature record: CXX_FEATURE:1cxx_user_literals
    Feature record: CXX_FEATURE:1cxx_variable_templates
    Feature record: CXX_FEATURE:1cxx_variadic_macros
    Feature record: CXX_FEATURE:1cxx_variadic_templates


Detecting CXX [-std=c++14] compiler features compiled with the following output:
Change Dir: /Users/dantopa/Documents/CMake/demo/build/CMakeFiles/CMakeTmp

Run Build Command:"/usr/bin/make" "cmTC_3e55f/fast"
/Applications/Xcode.app/Contents/Developer/usr/bin/make -f CMakeFiles/cmTC_3e55f.dir/build.make CMakeFiles/cmTC_3e55f.dir/build
Building CXX object CMakeFiles/cmTC_3e55f.dir/feature_tests.cxx.o
/opt/local/bin/g++    -std=c++14 -o CMakeFiles/cmTC_3e55f.dir/feature_tests.cxx.o -c /Users/dantopa/Documents/CMake/demo/build/CMakeFiles/feature_tests.cxx
Linking CXX executable cmTC_3e55f
/opt/local/bin/cmake -E cmake_link_script CMakeFiles/cmTC_3e55f.dir/link.txt --verbose=1
/opt/local/bin/g++    -Wl,-search_paths_first -Wl,-headerpad_max_install_names   CMakeFiles/cmTC_3e55f.dir/feature_tests.cxx.o  -o cmTC_3e55f 


    Feature record: CXX_FEATURE:1cxx_aggregate_default_initializers
    Feature record: CXX_FEATURE:1cxx_alias_templates
    Feature record: CXX_FEATURE:1cxx_alignas
    Feature record: CXX_FEATURE:1cxx_alignof
    Feature record: CXX_FEATURE:1cxx_attributes
    Feature record: CXX_FEATURE:1cxx_attribute_deprecated
    Feature record: CXX_FEATURE:1cxx_auto_type
    Feature record: CXX_FEATURE:1cxx_binary_literals
    Feature record: CXX_FEATURE:1cxx_constexpr
    Feature record: CXX_FEATURE:1cxx_contextual_conversions
    Feature record: CXX_FEATURE:1cxx_decltype
    Feature record: CXX_FEATURE:1cxx_decltype_auto
    Feature record: CXX_FEATURE:1cxx_decltype_incomplete_return_types
    Feature record: CXX_FEATURE:1cxx_default_function_template_args
    Feature record: CXX_FEATURE:1cxx_defaulted_functions
    Feature record: CXX_FEATURE:1cxx_defaulted_move_initializers
    Feature record: CXX_FEATURE:1cxx_delegating_constructors
    Feature record: CXX_FEATURE:1cxx_deleted_functions
    Feature record: CXX_FEATURE:1cxx_digit_separators
    Feature record: CXX_FEATURE:1cxx_enum_forward_declarations
    Feature record: CXX_FEATURE:1cxx_explicit_conversions
    Feature record: CXX_FEATURE:1cxx_extended_friend_declarations
    Feature record: CXX_FEATURE:1cxx_extern_templates
    Feature record: CXX_FEATURE:1cxx_final
    Feature record: CXX_FEATURE:1cxx_func_identifier
    Feature record: CXX_FEATURE:1cxx_generalized_initializers
    Feature record: CXX_FEATURE:1cxx_generic_lambdas
    Feature record: CXX_FEATURE:1cxx_inheriting_constructors
    Feature record: CXX_FEATURE:1cxx_inline_namespaces
    Feature record: CXX_FEATURE:1cxx_lambdas
    Feature record: CXX_FEATURE:1cxx_lambda_init_captures
    Feature record: CXX_FEATURE:1cxx_local_type_template_args
    Feature record: CXX_FEATURE:1cxx_long_long_type
    Feature record: CXX_FEATURE:1cxx_noexcept
    Feature record: CXX_FEATURE:1cxx_nonstatic_member_init
    Feature record: CXX_FEATURE:1cxx_nullptr
    Feature record: CXX_FEATURE:1cxx_override
    Feature record: CXX_FEATURE:1cxx_range_for
    Feature record: CXX_FEATURE:1cxx_raw_string_literals
    Feature record: CXX_FEATURE:1cxx_reference_qualified_functions
    Feature record: CXX_FEATURE:1cxx_relaxed_constexpr
    Feature record: CXX_FEATURE:1cxx_return_type_deduction
    Feature record: CXX_FEATURE:1cxx_right_angle_brackets
    Feature record: CXX_FEATURE:1cxx_rvalue_references
    Feature record: CXX_FEATURE:1cxx_sizeof_member
    Feature record: CXX_FEATURE:1cxx_static_assert
    Feature record: CXX_FEATURE:1cxx_strong_enums
    Feature record: CXX_FEATURE:1cxx_template_template_parameters
    Feature record: CXX_FEATURE:1cxx_thread_local
    Feature record: CXX_FEATURE:1cxx_trailing_return_types
    Feature record: CXX_FEATURE:1cxx_unicode_literals
    Feature record: CXX_FEATURE:1cxx_uniform_initialization
    Feature record: CXX_FEATURE:1cxx_unrestricted_unions
    Feature record: CXX_FEATURE:1cxx_user_literals
    Feature record: CXX_FEATURE:1cxx_variable_templates
    Feature record: CXX_FEATURE:1cxx_variadic_macros
    Feature record: CXX_FEATURE:1cxx_variadic_templates


Detecting CXX [-std=c++11] compiler features compiled with the following output:
Change Dir: /Users/dantopa/Documents/CMake/demo/build/CMakeFiles/CMakeTmp

Run Build Command:"/usr/bin/make" "cmTC_6a2fa/fast"
/Applications/Xcode.app/Contents/Developer/usr/bin/make -f CMakeFiles/cmTC_6a2fa.dir/build.make CMakeFiles/cmTC_6a2fa.dir/build
Building CXX object CMakeFiles/cmTC_6a2fa.dir/feature_tests.cxx.o
/opt/local/bin/g++    -std=c++11 -o CMakeFiles/cmTC_6a2fa.dir/feature_tests.cxx.o -c /Users/dantopa/Documents/CMake/demo/build/CMakeFiles/feature_tests.cxx
Linking CXX executable cmTC_6a2fa
/opt/local/bin/cmake -E cmake_link_script CMakeFiles/cmTC_6a2fa.dir/link.txt --verbose=1
/opt/local/bin/g++    -Wl,-search_paths_first -Wl,-headerpad_max_install_names   CMakeFiles/cmTC_6a2fa.dir/feature_tests.cxx.o  -o cmTC_6a2fa 


    Feature record: CXX_FEATURE:0cxx_aggregate_default_initializers
    Feature record: CXX_FEATURE:1cxx_alias_templates
    Feature record: CXX_FEATURE:1cxx_alignas
    Feature record: CXX_FEATURE:1cxx_alignof
    Feature record: CXX_FEATURE:1cxx_attributes
    Feature record: CXX_FEATURE:0cxx_attribute_deprecated
    Feature record: CXX_FEATURE:1cxx_auto_type
    Feature record: CXX_FEATURE:0cxx_binary_literals
    Feature record: CXX_FEATURE:1cxx_constexpr
    Feature record: CXX_FEATURE:0cxx_contextual_conversions
    Feature record: CXX_FEATURE:1cxx_decltype
    Feature record: CXX_FEATURE:0cxx_decltype_auto
    Feature record: CXX_FEATURE:1cxx_decltype_incomplete_return_types
    Feature record: CXX_FEATURE:1cxx_default_function_template_args
    Feature record: CXX_FEATURE:1cxx_defaulted_functions
    Feature record: CXX_FEATURE:1cxx_defaulted_move_initializers
    Feature record: CXX_FEATURE:1cxx_delegating_constructors
    Feature record: CXX_FEATURE:1cxx_deleted_functions
    Feature record: CXX_FEATURE:0cxx_digit_separators
    Feature record: CXX_FEATURE:1cxx_enum_forward_declarations
    Feature record: CXX_FEATURE:1cxx_explicit_conversions
    Feature record: CXX_FEATURE:1cxx_extended_friend_declarations
    Feature record: CXX_FEATURE:1cxx_extern_templates
    Feature record: CXX_FEATURE:1cxx_final
    Feature record: CXX_FEATURE:1cxx_func_identifier
    Feature record: CXX_FEATURE:1cxx_generalized_initializers
    Feature record: CXX_FEATURE:0cxx_generic_lambdas
    Feature record: CXX_FEATURE:1cxx_inheriting_constructors
    Feature record: CXX_FEATURE:1cxx_inline_namespaces
    Feature record: CXX_FEATURE:1cxx_lambdas
    Feature record: CXX_FEATURE:0cxx_lambda_init_captures
    Feature record: CXX_FEATURE:1cxx_local_type_template_args
    Feature record: CXX_FEATURE:1cxx_long_long_type
    Feature record: CXX_FEATURE:1cxx_noexcept
    Feature record: CXX_FEATURE:1cxx_nonstatic_member_init
    Feature record: CXX_FEATURE:1cxx_nullptr
    Feature record: CXX_FEATURE:1cxx_override
    Feature record: CXX_FEATURE:1cxx_range_for
    Feature record: CXX_FEATURE:1cxx_raw_string_literals
    Feature record: CXX_FEATURE:1cxx_reference_qualified_functions
    Feature record: CXX_FEATURE:0cxx_relaxed_constexpr
    Feature record: CXX_FEATURE:0cxx_return_type_deduction
    Feature record: CXX_FEATURE:1cxx_right_angle_brackets
    Feature record: CXX_FEATURE:1cxx_rvalue_references
    Feature record: CXX_FEATURE:1cxx_sizeof_member
    Feature record: CXX_FEATURE:1cxx_static_assert
    Feature record: CXX_FEATURE:1cxx_strong_enums
    Feature record: CXX_FEATURE:1cxx_template_template_parameters
    Feature record: CXX_FEATURE:1cxx_thread_local
    Feature record: CXX_FEATURE:1cxx_trailing_return_types
    Feature record: CXX_FEATURE:1cxx_unicode_literals
    Feature record: CXX_FEATURE:1cxx_uniform_initialization
    Feature record: CXX_FEATURE:1cxx_unrestricted_unions
    Feature record: CXX_FEATURE:1cxx_user_literals
    Feature record: CXX_FEATURE:0cxx_variable_templates
    Feature record: CXX_FEATURE:1cxx_variadic_macros
    Feature record: CXX_FEATURE:1cxx_variadic_templates


Detecting CXX [-std=c++98] compiler features compiled with the following output:
Change Dir: /Users/dantopa/Documents/CMake/demo/build/CMakeFiles/CMakeTmp

Run Build Command:"/usr/bin/make" "cmTC_b9eba/fast"
/Applications/Xcode.app/Contents/Developer/usr/bin/make -f CMakeFiles/cmTC_b9eba.dir/build.make CMakeFiles/cmTC_b9eba.dir/build
Building CXX object CMakeFiles/cmTC_b9eba.dir/feature_tests.cxx.o
/opt/local/bin/g++    -std=c++98 -o CMakeFiles/cmTC_b9eba.dir/feature_tests.cxx.o -c /Users/dantopa/Documents/CMake/demo/build/CMakeFiles/feature_tests.cxx
Linking CXX executable cmTC_b9eba
/opt/local/bin/cmake -E cmake_link_script CMakeFiles/cmTC_b9eba.dir/link.txt --verbose=1
/opt/local/bin/g++    -Wl,-search_paths_first -Wl,-headerpad_max_install_names   CMakeFiles/cmTC_b9eba.dir/feature_tests.cxx.o  -o cmTC_b9eba 


    Feature record: CXX_FEATURE:0cxx_aggregate_default_initializers
    Feature record: CXX_FEATURE:0cxx_alias_templates
    Feature record: CXX_FEATURE:0cxx_alignas
    Feature record: CXX_FEATURE:0cxx_alignof
    Feature record: CXX_FEATURE:0cxx_attributes
    Feature record: CXX_FEATURE:0cxx_attribute_deprecated
    Feature record: CXX_FEATURE:0cxx_auto_type
    Feature record: CXX_FEATURE:0cxx_binary_literals
    Feature record: CXX_FEATURE:0cxx_constexpr
    Feature record: CXX_FEATURE:0cxx_contextual_conversions
    Feature record: CXX_FEATURE:0cxx_decltype
    Feature record: CXX_FEATURE:0cxx_decltype_auto
    Feature record: CXX_FEATURE:0cxx_decltype_incomplete_return_types
    Feature record: CXX_FEATURE:0cxx_default_function_template_args
    Feature record: CXX_FEATURE:0cxx_defaulted_functions
    Feature record: CXX_FEATURE:0cxx_defaulted_move_initializers
    Feature record: CXX_FEATURE:0cxx_delegating_constructors
    Feature record: CXX_FEATURE:0cxx_deleted_functions
    Feature record: CXX_FEATURE:0cxx_digit_separators
    Feature record: CXX_FEATURE:0cxx_enum_forward_declarations
    Feature record: CXX_FEATURE:0cxx_explicit_conversions
    Feature record: CXX_FEATURE:0cxx_extended_friend_declarations
    Feature record: CXX_FEATURE:0cxx_extern_templates
    Feature record: CXX_FEATURE:0cxx_final
    Feature record: CXX_FEATURE:0cxx_func_identifier
    Feature record: CXX_FEATURE:0cxx_generalized_initializers
    Feature record: CXX_FEATURE:0cxx_generic_lambdas
    Feature record: CXX_FEATURE:0cxx_inheriting_constructors
    Feature record: CXX_FEATURE:0cxx_inline_namespaces
    Feature record: CXX_FEATURE:0cxx_lambdas
    Feature record: CXX_FEATURE:0cxx_lambda_init_captures
    Feature record: CXX_FEATURE:0cxx_local_type_template_args
    Feature record: CXX_FEATURE:0cxx_long_long_type
    Feature record: CXX_FEATURE:0cxx_noexcept
    Feature record: CXX_FEATURE:0cxx_nonstatic_member_init
    Feature record: CXX_FEATURE:0cxx_nullptr
    Feature record: CXX_FEATURE:0cxx_override
    Feature record: CXX_FEATURE:0cxx_range_for
    Feature record: CXX_FEATURE:0cxx_raw_string_literals
    Feature record: CXX_FEATURE:0cxx_reference_qualified_functions
    Feature record: CXX_FEATURE:0cxx_relaxed_constexpr
    Feature record: CXX_FEATURE:0cxx_return_type_deduction
    Feature record: CXX_FEATURE:0cxx_right_angle_brackets
    Feature record: CXX_FEATURE:0cxx_rvalue_references
    Feature record: CXX_FEATURE:0cxx_sizeof_member
    Feature record: CXX_FEATURE:0cxx_static_assert
    Feature record: CXX_FEATURE:0cxx_strong_enums
    Feature record: CXX_FEATURE:1cxx_template_template_parameters
    Feature record: CXX_FEATURE:0cxx_thread_local
    Feature record: CXX_FEATURE:0cxx_trailing_return_types
    Feature record: CXX_FEATURE:0cxx_unicode_literals
    Feature record: CXX_FEATURE:0cxx_uniform_initialization
    Feature record: CXX_FEATURE:0cxx_unrestricted_unions
    Feature record: CXX_FEATURE:0cxx_user_literals
    Feature record: CXX_FEATURE:0cxx_variable_templates
    Feature record: CXX_FEATURE:0cxx_variadic_macros
    Feature record: CXX_FEATURE:0cxx_variadic_templates
