The system is: Darwin - 16.6.0 - x86_64
Compiling the Fortran compiler identification source file "CMakeFortranCompilerId.F" succeeded.
Compiler: /opt/local/bin/gfortran 
Build flags: 
Id flags: -v 

The output was:
0
Driving: /opt/local/bin/gfortran -v CMakeFortranCompilerId.F -mmacosx-version-min=10.12.6 -asm_macosx_version_min=10.12 -l gfortran -shared-libgcc
Using built-in specs.
COLLECT_GCC=/opt/local/bin/gfortran
COLLECT_LTO_WRAPPER=/opt/local/libexec/gcc/x86_64-apple-darwin16/7.1.1/lto-wrapper
Target: x86_64-apple-darwin16
Configured with: /opt/local/var/macports/build/_opt_bblocal_var_buildworker_ports_build_ports_lang_gcc7/gcc7/work/gcc-7-20170622/configure --prefix=/opt/local --build=x86_64-apple-darwin16 --enable-languages=c,c++,objc,obj-c++,lto,fortran --libdir=/opt/local/lib/gcc7 --includedir=/opt/local/include/gcc7 --infodir=/opt/local/share/info --mandir=/opt/local/share/man --datarootdir=/opt/local/share/gcc-7 --with-local-prefix=/opt/local --with-system-zlib --disable-nls --program-suffix=-mp-7 --with-gxx-include-dir=/opt/local/include/gcc7/c++/ --with-gmp=/opt/local --with-mpfr=/opt/local --with-mpc=/opt/local --with-isl=/opt/local --enable-stage1-checking --disable-multilib --enable-lto --enable-libstdcxx-time --with-build-config=bootstrap-debug --with-as=/opt/local/bin/as --with-ld=/opt/local/bin/ld --with-ar=/opt/local/bin/ar --with-bugurl=https://trac.macports.org/newticket --with-pkgversion='MacPorts gcc7 7-20170622_0'
Thread model: posix
gcc version 7.1.1 20170622 (MacPorts gcc7 7-20170622_0) 
COLLECT_GCC_OPTIONS='-v' '-mmacosx-version-min=10.12.6' '-asm_macosx_version_min=10.12' '-shared-libgcc' '-mtune=core2'
 /opt/local/libexec/gcc/x86_64-apple-darwin16/7.1.1/f951 CMakeFortranCompilerId.F -ffixed-form -cpp=/var/folders/ww/skzg3xhj4y1fhgltv4st2_br0000gq/T//ccGTQwWq.f90 -quiet -v -D__DYNAMIC__ CMakeFortranCompilerId.F -fPIC -quiet -dumpbase CMakeFortranCompilerId.F -mmacosx-version-min=10.12.6 -mtune=core2 -auxbase CMakeFortranCompilerId -version -fintrinsic-modules-path /opt/local/lib/gcc7/gcc/x86_64-apple-darwin16/7.1.1/finclude -o /var/folders/ww/skzg3xhj4y1fhgltv4st2_br0000gq/T//ccde8Kef.s
GNU Fortran (MacPorts gcc7 7-20170622_0) version 7.1.1 20170622 (x86_64-apple-darwin16)
	compiled by GNU C version 7.1.1 20170622, GMP version 6.1.2, MPFR version 3.1.5, MPC version 1.0.3, isl version isl-0.18-GMP

GGC heuristics: --param ggc-min-expand=100 --param ggc-min-heapsize=131072
ignoring nonexistent directory "/opt/local/lib/gcc7/gcc/x86_64-apple-darwin16/7.1.1/../../../../../x86_64-apple-darwin16/include"
#include "..." search starts here:
#include <...> search starts here:
 /opt/local/lib/gcc7/gcc/x86_64-apple-darwin16/7.1.1/finclude
 /opt/local/lib/gcc7/gcc/x86_64-apple-darwin16/7.1.1/include
 /opt/local/include
 /opt/local/lib/gcc7/gcc/x86_64-apple-darwin16/7.1.1/include-fixed
 /usr/include
End of search list.
GNU Fortran2008 (MacPorts gcc7 7-20170622_0) version 7.1.1 20170622 (x86_64-apple-darwin16)
	compiled by GNU C version 7.1.1 20170622, GMP version 6.1.2, MPFR version 3.1.5, MPC version 1.0.3, isl version isl-0.18-GMP

GGC heuristics: --param ggc-min-expand=100 --param ggc-min-heapsize=131072
COLLECT_GCC_OPTIONS='-v' '-mmacosx-version-min=10.12.6'  '-shared-libgcc' '-mtune=core2'
 /opt/local/bin/as -v -arch x86_64 -force_cpusubtype_ALL -o /var/folders/ww/skzg3xhj4y1fhgltv4st2_br0000gq/T//ccxKVDM4.o /var/folders/ww/skzg3xhj4y1fhgltv4st2_br0000gq/T//ccde8Kef.s
Apple Inc version cctools-895, GNU assembler version 1.38
Reading specs from /opt/local/lib/gcc7/gcc/x86_64-apple-darwin16/7.1.1/../../../libgfortran.spec
rename spec lib to liborig
COLLECT_GCC_OPTIONS='-v' '-mmacosx-version-min=10.12.6'  '-shared-libgcc' '-mtune=core2'
COMPILER_PATH=/opt/local/libexec/gcc/x86_64-apple-darwin16/7.1.1/:/opt/local/libexec/gcc/x86_64-apple-darwin16/7.1.1/:/opt/local/libexec/gcc/x86_64-apple-darwin16/:/opt/local/lib/gcc7/gcc/x86_64-apple-darwin16/7.1.1/:/opt/local/lib/gcc7/gcc/x86_64-apple-darwin16/
LIBRARY_PATH=/opt/local/lib/gcc7/gcc/x86_64-apple-darwin16/7.1.1/:/opt/local/lib/gcc7/gcc/x86_64-apple-darwin16/7.1.1/../../../
COLLECT_GCC_OPTIONS='-v' '-mmacosx-version-min=10.12.6'  '-shared-libgcc' '-mtune=core2'
 /opt/local/libexec/gcc/x86_64-apple-darwin16/7.1.1/collect2 -dynamic -arch x86_64 -macosx_version_min 10.12.6 -weak_reference_mismatches non-weak -o a.out -L/opt/local/lib/gcc7/gcc/x86_64-apple-darwin16/7.1.1 -L/opt/local/lib/gcc7/gcc/x86_64-apple-darwin16/7.1.1/../../.. /var/folders/ww/skzg3xhj4y1fhgltv4st2_br0000gq/T//ccxKVDM4.o -lgfortran -no_compact_unwind -lSystem -lgcc_ext.10.5 -lgcc -lquadmath -lm -lgcc_ext.10.5 -lgcc -lSystem -v
collect2 version 7.1.1 20170622
/opt/local/bin/ld -dynamic -arch x86_64 -macosx_version_min 10.12.6 -weak_reference_mismatches non-weak -o a.out -L/opt/local/lib/gcc7/gcc/x86_64-apple-darwin16/7.1.1 -L/opt/local/lib/gcc7/gcc/x86_64-apple-darwin16/7.1.1/../../.. /var/folders/ww/skzg3xhj4y1fhgltv4st2_br0000gq/T//ccxKVDM4.o -lgfortran -no_compact_unwind -lSystem -lgcc_ext.10.5 -lgcc -lquadmath -lm -lgcc_ext.10.5 -lgcc -lSystem -v
@(#)PROGRAM:ld  PROJECT:ld64-274.2
configured to support archs: i386 x86_64 x86_64h armv6 armv7 armv7s armv7m armv7k arm64 (tvOS)
Library search paths:
	/opt/local/lib/gcc7/gcc/x86_64-apple-darwin16/7.1.1
	/opt/local/lib/gcc7
	/usr/lib
	/usr/local/lib
Framework search paths:
	/Library/Frameworks/
	/System/Library/Frameworks/
 /opt/local/bin/nm -n /var/folders/ww/skzg3xhj4y1fhgltv4st2_br0000gq/T//ccxKVDM4.o


Compilation of the Fortran compiler identification source "CMakeFortranCompilerId.F" produced "a.out"

The Fortran compiler identification is GNU, found in "/Users/l127914/Repos/gitlab/petaca2-TeamCity/mwe/build/CMakeFiles/3.9.0/CompilerIdFortran/a.out"

Determining if the Fortran compiler works passed with the following output:
Change Dir: /Users/l127914/Repos/gitlab/petaca2-TeamCity/mwe/build/CMakeFiles/CMakeTmp

Run Build Command:"/usr/bin/make" "cmTC_9b1cb/fast"
/Applications/Xcode.app/Contents/Developer/usr/bin/make -f CMakeFiles/cmTC_9b1cb.dir/build.make CMakeFiles/cmTC_9b1cb.dir/build
Building Fortran object CMakeFiles/cmTC_9b1cb.dir/testFortranCompiler.f.o
/opt/local/bin/gfortran    -c /Users/l127914/Repos/gitlab/petaca2-TeamCity/mwe/build/CMakeFiles/CMakeTmp/testFortranCompiler.f -o CMakeFiles/cmTC_9b1cb.dir/testFortranCompiler.f.o
Linking Fortran executable cmTC_9b1cb
/opt/local/bin/cmake -E cmake_link_script CMakeFiles/cmTC_9b1cb.dir/link.txt --verbose=1
/opt/local/bin/gfortran      CMakeFiles/cmTC_9b1cb.dir/testFortranCompiler.f.o  -o cmTC_9b1cb 


Detecting Fortran compiler ABI info compiled with the following output:
Change Dir: /Users/l127914/Repos/gitlab/petaca2-TeamCity/mwe/build/CMakeFiles/CMakeTmp

Run Build Command:"/usr/bin/make" "cmTC_ca420/fast"
/Applications/Xcode.app/Contents/Developer/usr/bin/make -f CMakeFiles/cmTC_ca420.dir/build.make CMakeFiles/cmTC_ca420.dir/build
Building Fortran object CMakeFiles/cmTC_ca420.dir/CMakeFortranCompilerABI.F.o
/opt/local/bin/gfortran    -c /opt/local/share/cmake-3.9/Modules/CMakeFortranCompilerABI.F -o CMakeFiles/cmTC_ca420.dir/CMakeFortranCompilerABI.F.o
Linking Fortran executable cmTC_ca420
/opt/local/bin/cmake -E cmake_link_script CMakeFiles/cmTC_ca420.dir/link.txt --verbose=1
/opt/local/bin/gfortran   -v -Wl,-v   CMakeFiles/cmTC_ca420.dir/CMakeFortranCompilerABI.F.o  -o cmTC_ca420 
Driving: /opt/local/bin/gfortran -v -Wl,-v CMakeFiles/cmTC_ca420.dir/CMakeFortranCompilerABI.F.o -o cmTC_ca420 -mmacosx-version-min=10.12.6 -asm_macosx_version_min=10.12 -l gfortran -shared-libgcc
Using built-in specs.
COLLECT_GCC=/opt/local/bin/gfortran
COLLECT_LTO_WRAPPER=/opt/local/libexec/gcc/x86_64-apple-darwin16/7.1.1/lto-wrapper
Target: x86_64-apple-darwin16
Configured with: /opt/local/var/macports/build/_opt_bblocal_var_buildworker_ports_build_ports_lang_gcc7/gcc7/work/gcc-7-20170622/configure --prefix=/opt/local --build=x86_64-apple-darwin16 --enable-languages=c,c++,objc,obj-c++,lto,fortran --libdir=/opt/local/lib/gcc7 --includedir=/opt/local/include/gcc7 --infodir=/opt/local/share/info --mandir=/opt/local/share/man --datarootdir=/opt/local/share/gcc-7 --with-local-prefix=/opt/local --with-system-zlib --disable-nls --program-suffix=-mp-7 --with-gxx-include-dir=/opt/local/include/gcc7/c++/ --with-gmp=/opt/local --with-mpfr=/opt/local --with-mpc=/opt/local --with-isl=/opt/local --enable-stage1-checking --disable-multilib --enable-lto --enable-libstdcxx-time --with-build-config=bootstrap-debug --with-as=/opt/local/bin/as --with-ld=/opt/local/bin/ld --with-ar=/opt/local/bin/ar --with-bugurl=https://trac.macports.org/newticket --with-pkgversion='MacPorts gcc7 7-20170622_0'
Thread model: posix
gcc version 7.1.1 20170622 (MacPorts gcc7 7-20170622_0) 
Reading specs from /opt/local/lib/gcc7/gcc/x86_64-apple-darwin16/7.1.1/../../../libgfortran.spec
rename spec lib to liborig
COLLECT_GCC_OPTIONS='-v' '-o' 'cmTC_ca420' '-mmacosx-version-min=10.12.6' '-asm_macosx_version_min=10.12' '-shared-libgcc' '-mtune=core2'
COMPILER_PATH=/opt/local/libexec/gcc/x86_64-apple-darwin16/7.1.1/:/opt/local/libexec/gcc/x86_64-apple-darwin16/7.1.1/:/opt/local/libexec/gcc/x86_64-apple-darwin16/:/opt/local/lib/gcc7/gcc/x86_64-apple-darwin16/7.1.1/:/opt/local/lib/gcc7/gcc/x86_64-apple-darwin16/
LIBRARY_PATH=/opt/local/lib/gcc7/gcc/x86_64-apple-darwin16/7.1.1/:/opt/local/lib/gcc7/gcc/x86_64-apple-darwin16/7.1.1/../../../
COLLECT_GCC_OPTIONS='-v' '-o' 'cmTC_ca420' '-mmacosx-version-min=10.12.6' '-asm_macosx_version_min=10.12' '-shared-libgcc' '-mtune=core2'
 /opt/local/libexec/gcc/x86_64-apple-darwin16/7.1.1/collect2 -dynamic -arch x86_64 -macosx_version_min 10.12.6 -weak_reference_mismatches non-weak -o cmTC_ca420 -L/opt/local/lib/gcc7/gcc/x86_64-apple-darwin16/7.1.1 -L/opt/local/lib/gcc7/gcc/x86_64-apple-darwin16/7.1.1/../../.. -v CMakeFiles/cmTC_ca420.dir/CMakeFortranCompilerABI.F.o -lgfortran -no_compact_unwind -lSystem -lgcc_ext.10.5 -lgcc -lquadmath -lm -lgcc_ext.10.5 -lgcc -lSystem -v
collect2 version 7.1.1 20170622
/opt/local/bin/ld -dynamic -arch x86_64 -macosx_version_min 10.12.6 -weak_reference_mismatches non-weak -o cmTC_ca420 -L/opt/local/lib/gcc7/gcc/x86_64-apple-darwin16/7.1.1 -L/opt/local/lib/gcc7/gcc/x86_64-apple-darwin16/7.1.1/../../.. -v CMakeFiles/cmTC_ca420.dir/CMakeFortranCompilerABI.F.o -lgfortran -no_compact_unwind -lSystem -lgcc_ext.10.5 -lgcc -lquadmath -lm -lgcc_ext.10.5 -lgcc -lSystem -v
@(#)PROGRAM:ld  PROJECT:ld64-274.2
configured to support archs: i386 x86_64 x86_64h armv6 armv7 armv7s armv7m armv7k arm64 (tvOS)
@(#)PROGRAM:ld  PROJECT:ld64-274.2
configured to support archs: i386 x86_64 x86_64h armv6 armv7 armv7s armv7m armv7k arm64 (tvOS)
Library search paths:
	/opt/local/lib/gcc7/gcc/x86_64-apple-darwin16/7.1.1
	/opt/local/lib/gcc7
	/usr/lib
	/usr/local/lib
Framework search paths:
	/Library/Frameworks/
	/System/Library/Frameworks/
 /opt/local/bin/nm -n CMakeFiles/cmTC_ca420.dir/CMakeFortranCompilerABI.F.o


Parsed Fortran implicit link information from above output:
  link line regex: [^( *|.*[/\])(ld|CMAKE_LINK_STARTFILE-NOTFOUND|([^/\]+-)?ld|collect2)[^/\]*( |$)]
  ignore line: [Change Dir: /Users/l127914/Repos/gitlab/petaca2-TeamCity/mwe/build/CMakeFiles/CMakeTmp]
  ignore line: []
  ignore line: [Run Build Command:"/usr/bin/make" "cmTC_ca420/fast"]
  ignore line: [/Applications/Xcode.app/Contents/Developer/usr/bin/make -f CMakeFiles/cmTC_ca420.dir/build.make CMakeFiles/cmTC_ca420.dir/build]
  ignore line: [Building Fortran object CMakeFiles/cmTC_ca420.dir/CMakeFortranCompilerABI.F.o]
  ignore line: [/opt/local/bin/gfortran    -c /opt/local/share/cmake-3.9/Modules/CMakeFortranCompilerABI.F -o CMakeFiles/cmTC_ca420.dir/CMakeFortranCompilerABI.F.o]
  ignore line: [Linking Fortran executable cmTC_ca420]
  ignore line: [/opt/local/bin/cmake -E cmake_link_script CMakeFiles/cmTC_ca420.dir/link.txt --verbose=1]
  ignore line: [/opt/local/bin/gfortran   -v -Wl,-v   CMakeFiles/cmTC_ca420.dir/CMakeFortranCompilerABI.F.o  -o cmTC_ca420 ]
  ignore line: [Driving: /opt/local/bin/gfortran -v -Wl,-v CMakeFiles/cmTC_ca420.dir/CMakeFortranCompilerABI.F.o -o cmTC_ca420 -mmacosx-version-min=10.12.6 -asm_macosx_version_min=10.12 -l gfortran -shared-libgcc]
  ignore line: [Using built-in specs.]
  ignore line: [COLLECT_GCC=/opt/local/bin/gfortran]
  ignore line: [COLLECT_LTO_WRAPPER=/opt/local/libexec/gcc/x86_64-apple-darwin16/7.1.1/lto-wrapper]
  ignore line: [Target: x86_64-apple-darwin16]
  ignore line: [Configured with: /opt/local/var/macports/build/_opt_bblocal_var_buildworker_ports_build_ports_lang_gcc7/gcc7/work/gcc-7-20170622/configure --prefix=/opt/local --build=x86_64-apple-darwin16 --enable-languages=c,c++,objc,obj-c++,lto,fortran --libdir=/opt/local/lib/gcc7 --includedir=/opt/local/include/gcc7 --infodir=/opt/local/share/info --mandir=/opt/local/share/man --datarootdir=/opt/local/share/gcc-7 --with-local-prefix=/opt/local --with-system-zlib --disable-nls --program-suffix=-mp-7 --with-gxx-include-dir=/opt/local/include/gcc7/c++/ --with-gmp=/opt/local --with-mpfr=/opt/local --with-mpc=/opt/local --with-isl=/opt/local --enable-stage1-checking --disable-multilib --enable-lto --enable-libstdcxx-time --with-build-config=bootstrap-debug --with-as=/opt/local/bin/as --with-ld=/opt/local/bin/ld --with-ar=/opt/local/bin/ar --with-bugurl=https://trac.macports.org/newticket --with-pkgversion='MacPorts gcc7 7-20170622_0']
  ignore line: [Thread model: posix]
  ignore line: [gcc version 7.1.1 20170622 (MacPorts gcc7 7-20170622_0) ]
  ignore line: [Reading specs from /opt/local/lib/gcc7/gcc/x86_64-apple-darwin16/7.1.1/../../../libgfortran.spec]
  ignore line: [rename spec lib to liborig]
  ignore line: [COLLECT_GCC_OPTIONS='-v' '-o' 'cmTC_ca420' '-mmacosx-version-min=10.12.6' '-asm_macosx_version_min=10.12' '-shared-libgcc' '-mtune=core2']
  ignore line: [COMPILER_PATH=/opt/local/libexec/gcc/x86_64-apple-darwin16/7.1.1/:/opt/local/libexec/gcc/x86_64-apple-darwin16/7.1.1/:/opt/local/libexec/gcc/x86_64-apple-darwin16/:/opt/local/lib/gcc7/gcc/x86_64-apple-darwin16/7.1.1/:/opt/local/lib/gcc7/gcc/x86_64-apple-darwin16/]
  ignore line: [LIBRARY_PATH=/opt/local/lib/gcc7/gcc/x86_64-apple-darwin16/7.1.1/:/opt/local/lib/gcc7/gcc/x86_64-apple-darwin16/7.1.1/../../../]
  ignore line: [COLLECT_GCC_OPTIONS='-v' '-o' 'cmTC_ca420' '-mmacosx-version-min=10.12.6' '-asm_macosx_version_min=10.12' '-shared-libgcc' '-mtune=core2']
  link line: [ /opt/local/libexec/gcc/x86_64-apple-darwin16/7.1.1/collect2 -dynamic -arch x86_64 -macosx_version_min 10.12.6 -weak_reference_mismatches non-weak -o cmTC_ca420 -L/opt/local/lib/gcc7/gcc/x86_64-apple-darwin16/7.1.1 -L/opt/local/lib/gcc7/gcc/x86_64-apple-darwin16/7.1.1/../../.. -v CMakeFiles/cmTC_ca420.dir/CMakeFortranCompilerABI.F.o -lgfortran -no_compact_unwind -lSystem -lgcc_ext.10.5 -lgcc -lquadmath -lm -lgcc_ext.10.5 -lgcc -lSystem -v]
    arg [/opt/local/libexec/gcc/x86_64-apple-darwin16/7.1.1/collect2] ==> ignore
    arg [-dynamic] ==> ignore
    arg [-arch] ==> ignore
    arg [x86_64] ==> ignore
    arg [-macosx_version_min] ==> ignore
    arg [10.12.6] ==> ignore
    arg [-weak_reference_mismatches] ==> ignore
    arg [non-weak] ==> ignore
    arg [-o] ==> ignore
    arg [cmTC_ca420] ==> ignore
    arg [-L/opt/local/lib/gcc7/gcc/x86_64-apple-darwin16/7.1.1] ==> dir [/opt/local/lib/gcc7/gcc/x86_64-apple-darwin16/7.1.1]
    arg [-L/opt/local/lib/gcc7/gcc/x86_64-apple-darwin16/7.1.1/../../..] ==> dir [/opt/local/lib/gcc7/gcc/x86_64-apple-darwin16/7.1.1/../../..]
    arg [-v] ==> ignore
    arg [CMakeFiles/cmTC_ca420.dir/CMakeFortranCompilerABI.F.o] ==> ignore
    arg [-lgfortran] ==> lib [gfortran]
    arg [-no_compact_unwind] ==> ignore
    arg [-lSystem] ==> lib [System]
    arg [-lgcc_ext.10.5] ==> lib [gcc_ext.10.5]
    arg [-lgcc] ==> lib [gcc]
    arg [-lquadmath] ==> lib [quadmath]
    arg [-lm] ==> lib [m]
    arg [-lgcc_ext.10.5] ==> lib [gcc_ext.10.5]
    arg [-lgcc] ==> lib [gcc]
    arg [-lSystem] ==> lib [System]
    arg [-v] ==> ignore
  Library search paths: [;/opt/local/lib/gcc7/gcc/x86_64-apple-darwin16/7.1.1;/opt/local/lib/gcc7;/usr/lib;/usr/local/lib]
  Framework search paths: [;/Library/Frameworks/;/System/Library/Frameworks/]
  remove lib [System]
  remove lib [System]
  collapse library dir [/opt/local/lib/gcc7/gcc/x86_64-apple-darwin16/7.1.1] ==> [/opt/local/lib/gcc7/gcc/x86_64-apple-darwin16/7.1.1]
  collapse library dir [/opt/local/lib/gcc7/gcc/x86_64-apple-darwin16/7.1.1/../../..] ==> [/opt/local/lib/gcc7]
  collapse library dir [/opt/local/lib/gcc7/gcc/x86_64-apple-darwin16/7.1.1] ==> [/opt/local/lib/gcc7/gcc/x86_64-apple-darwin16/7.1.1]
  collapse library dir [/opt/local/lib/gcc7] ==> [/opt/local/lib/gcc7]
  collapse library dir [/usr/lib] ==> [/usr/lib]
  collapse library dir [/usr/local/lib] ==> [/usr/local/lib]
  collapse framework dir [/Library/Frameworks/] ==> [/Library/Frameworks]
  collapse framework dir [/System/Library/Frameworks/] ==> [/System/Library/Frameworks]
  implicit libs: [gfortran;gcc_ext.10.5;gcc;quadmath;m;gcc_ext.10.5;gcc]
  implicit dirs: [/opt/local/lib/gcc7/gcc/x86_64-apple-darwin16/7.1.1;/opt/local/lib/gcc7;/usr/lib;/usr/local/lib]
  implicit fwks: [/Library/Frameworks;/System/Library/Frameworks]


Determining if the Fortran compiler supports Fortran 90 passed with the following output:
Change Dir: /Users/l127914/Repos/gitlab/petaca2-TeamCity/mwe/build/CMakeFiles/CMakeTmp

Run Build Command:"/usr/bin/make" "cmTC_01857/fast"
/Applications/Xcode.app/Contents/Developer/usr/bin/make -f CMakeFiles/cmTC_01857.dir/build.make CMakeFiles/cmTC_01857.dir/build
Building Fortran object CMakeFiles/cmTC_01857.dir/testFortranCompilerF90.f90.o
/opt/local/bin/gfortran    -c /Users/l127914/Repos/gitlab/petaca2-TeamCity/mwe/build/CMakeFiles/CMakeTmp/testFortranCompilerF90.f90 -o CMakeFiles/cmTC_01857.dir/testFortranCompilerF90.f90.o
Linking Fortran executable cmTC_01857
/opt/local/bin/cmake -E cmake_link_script CMakeFiles/cmTC_01857.dir/link.txt --verbose=1
/opt/local/bin/gfortran      CMakeFiles/cmTC_01857.dir/testFortranCompilerF90.f90.o  -o cmTC_01857 


Compiling the C compiler identification source file "CMakeCCompilerId.c" succeeded.
Compiler: /opt/local/bin/gcc 
Build flags: 
Id flags:  

The output was:
0


Compilation of the C compiler identification source "CMakeCCompilerId.c" produced "a.out"

The C compiler identification is GNU, found in "/Users/l127914/Repos/gitlab/petaca2-TeamCity/mwe/build/CMakeFiles/3.9.0/CompilerIdC/a.out"

Compiling the CXX compiler identification source file "CMakeCXXCompilerId.cpp" succeeded.
Compiler: /opt/local/bin/c++ 
Build flags: 
Id flags:  

The output was:
0


Compilation of the CXX compiler identification source "CMakeCXXCompilerId.cpp" produced "a.out"

The CXX compiler identification is GNU, found in "/Users/l127914/Repos/gitlab/petaca2-TeamCity/mwe/build/CMakeFiles/3.9.0/CompilerIdCXX/a.out"

Determining if the C compiler works passed with the following output:
Change Dir: /Users/l127914/Repos/gitlab/petaca2-TeamCity/mwe/build/CMakeFiles/CMakeTmp

Run Build Command:"/usr/bin/make" "cmTC_c58c8/fast"
/Applications/Xcode.app/Contents/Developer/usr/bin/make -f CMakeFiles/cmTC_c58c8.dir/build.make CMakeFiles/cmTC_c58c8.dir/build
Building C object CMakeFiles/cmTC_c58c8.dir/testCCompiler.c.o
/opt/local/bin/gcc    -o CMakeFiles/cmTC_c58c8.dir/testCCompiler.c.o   -c /Users/l127914/Repos/gitlab/petaca2-TeamCity/mwe/build/CMakeFiles/CMakeTmp/testCCompiler.c
Linking C executable cmTC_c58c8
/opt/local/bin/cmake -E cmake_link_script CMakeFiles/cmTC_c58c8.dir/link.txt --verbose=1
/opt/local/bin/gcc   -Wl,-search_paths_first -Wl,-headerpad_max_install_names   CMakeFiles/cmTC_c58c8.dir/testCCompiler.c.o  -o cmTC_c58c8 


Detecting C compiler ABI info compiled with the following output:
Change Dir: /Users/l127914/Repos/gitlab/petaca2-TeamCity/mwe/build/CMakeFiles/CMakeTmp

Run Build Command:"/usr/bin/make" "cmTC_37391/fast"
/Applications/Xcode.app/Contents/Developer/usr/bin/make -f CMakeFiles/cmTC_37391.dir/build.make CMakeFiles/cmTC_37391.dir/build
Building C object CMakeFiles/cmTC_37391.dir/CMakeCCompilerABI.c.o
/opt/local/bin/gcc    -o CMakeFiles/cmTC_37391.dir/CMakeCCompilerABI.c.o   -c /opt/local/share/cmake-3.9/Modules/CMakeCCompilerABI.c
Linking C executable cmTC_37391
/opt/local/bin/cmake -E cmake_link_script CMakeFiles/cmTC_37391.dir/link.txt --verbose=1
/opt/local/bin/gcc   -Wl,-search_paths_first -Wl,-headerpad_max_install_names  -v -Wl,-v CMakeFiles/cmTC_37391.dir/CMakeCCompilerABI.c.o  -o cmTC_37391 
Using built-in specs.
COLLECT_GCC=/opt/local/bin/gcc
COLLECT_LTO_WRAPPER=/opt/local/libexec/gcc/x86_64-apple-darwin16/7.1.1/lto-wrapper
Target: x86_64-apple-darwin16
Configured with: /opt/local/var/macports/build/_opt_bblocal_var_buildworker_ports_build_ports_lang_gcc7/gcc7/work/gcc-7-20170622/configure --prefix=/opt/local --build=x86_64-apple-darwin16 --enable-languages=c,c++,objc,obj-c++,lto,fortran --libdir=/opt/local/lib/gcc7 --includedir=/opt/local/include/gcc7 --infodir=/opt/local/share/info --mandir=/opt/local/share/man --datarootdir=/opt/local/share/gcc-7 --with-local-prefix=/opt/local --with-system-zlib --disable-nls --program-suffix=-mp-7 --with-gxx-include-dir=/opt/local/include/gcc7/c++/ --with-gmp=/opt/local --with-mpfr=/opt/local --with-mpc=/opt/local --with-isl=/opt/local --enable-stage1-checking --disable-multilib --enable-lto --enable-libstdcxx-time --with-build-config=bootstrap-debug --with-as=/opt/local/bin/as --with-ld=/opt/local/bin/ld --with-ar=/opt/local/bin/ar --with-bugurl=https://trac.macports.org/newticket --with-pkgversion='MacPorts gcc7 7-20170622_0'
Thread model: posix
gcc version 7.1.1 20170622 (MacPorts gcc7 7-20170622_0) 
COMPILER_PATH=/opt/local/libexec/gcc/x86_64-apple-darwin16/7.1.1/:/opt/local/libexec/gcc/x86_64-apple-darwin16/7.1.1/:/opt/local/libexec/gcc/x86_64-apple-darwin16/:/opt/local/lib/gcc7/gcc/x86_64-apple-darwin16/7.1.1/:/opt/local/lib/gcc7/gcc/x86_64-apple-darwin16/
LIBRARY_PATH=/opt/local/lib/gcc7/gcc/x86_64-apple-darwin16/7.1.1/:/opt/local/lib/gcc7/gcc/x86_64-apple-darwin16/7.1.1/../../../
COLLECT_GCC_OPTIONS='-v' '-o' 'cmTC_37391' '-mmacosx-version-min=10.12.6' '-asm_macosx_version_min=10.12' '-mtune=core2'
 /opt/local/libexec/gcc/x86_64-apple-darwin16/7.1.1/collect2 -dynamic -arch x86_64 -macosx_version_min 10.12.6 -weak_reference_mismatches non-weak -o cmTC_37391 -L/opt/local/lib/gcc7/gcc/x86_64-apple-darwin16/7.1.1 -L/opt/local/lib/gcc7/gcc/x86_64-apple-darwin16/7.1.1/../../.. -search_paths_first -headerpad_max_install_names -v CMakeFiles/cmTC_37391.dir/CMakeCCompilerABI.c.o -no_compact_unwind -lSystem -lgcc_ext.10.5 -lgcc -lSystem -v
collect2 version 7.1.1 20170622
/opt/local/bin/ld -dynamic -arch x86_64 -macosx_version_min 10.12.6 -weak_reference_mismatches non-weak -o cmTC_37391 -L/opt/local/lib/gcc7/gcc/x86_64-apple-darwin16/7.1.1 -L/opt/local/lib/gcc7/gcc/x86_64-apple-darwin16/7.1.1/../../.. -search_paths_first -headerpad_max_install_names -v CMakeFiles/cmTC_37391.dir/CMakeCCompilerABI.c.o -no_compact_unwind -lSystem -lgcc_ext.10.5 -lgcc -lSystem -v
@(#)PROGRAM:ld  PROJECT:ld64-274.2
configured to support archs: i386 x86_64 x86_64h armv6 armv7 armv7s armv7m armv7k arm64 (tvOS)
@(#)PROGRAM:ld  PROJECT:ld64-274.2
configured to support archs: i386 x86_64 x86_64h armv6 armv7 armv7s armv7m armv7k arm64 (tvOS)
Library search paths:
	/opt/local/lib/gcc7/gcc/x86_64-apple-darwin16/7.1.1
	/opt/local/lib/gcc7
	/usr/lib
	/usr/local/lib
Framework search paths:
	/Library/Frameworks/
	/System/Library/Frameworks/
 /opt/local/bin/nm -n CMakeFiles/cmTC_37391.dir/CMakeCCompilerABI.c.o


Parsed C implicit link information from above output:
  link line regex: [^( *|.*[/\])(ld|CMAKE_LINK_STARTFILE-NOTFOUND|([^/\]+-)?ld|collect2)[^/\]*( |$)]
  ignore line: [Change Dir: /Users/l127914/Repos/gitlab/petaca2-TeamCity/mwe/build/CMakeFiles/CMakeTmp]
  ignore line: []
  ignore line: [Run Build Command:"/usr/bin/make" "cmTC_37391/fast"]
  ignore line: [/Applications/Xcode.app/Contents/Developer/usr/bin/make -f CMakeFiles/cmTC_37391.dir/build.make CMakeFiles/cmTC_37391.dir/build]
  ignore line: [Building C object CMakeFiles/cmTC_37391.dir/CMakeCCompilerABI.c.o]
  ignore line: [/opt/local/bin/gcc    -o CMakeFiles/cmTC_37391.dir/CMakeCCompilerABI.c.o   -c /opt/local/share/cmake-3.9/Modules/CMakeCCompilerABI.c]
  ignore line: [Linking C executable cmTC_37391]
  ignore line: [/opt/local/bin/cmake -E cmake_link_script CMakeFiles/cmTC_37391.dir/link.txt --verbose=1]
  ignore line: [/opt/local/bin/gcc   -Wl,-search_paths_first -Wl,-headerpad_max_install_names  -v -Wl,-v CMakeFiles/cmTC_37391.dir/CMakeCCompilerABI.c.o  -o cmTC_37391 ]
  ignore line: [Using built-in specs.]
  ignore line: [COLLECT_GCC=/opt/local/bin/gcc]
  ignore line: [COLLECT_LTO_WRAPPER=/opt/local/libexec/gcc/x86_64-apple-darwin16/7.1.1/lto-wrapper]
  ignore line: [Target: x86_64-apple-darwin16]
  ignore line: [Configured with: /opt/local/var/macports/build/_opt_bblocal_var_buildworker_ports_build_ports_lang_gcc7/gcc7/work/gcc-7-20170622/configure --prefix=/opt/local --build=x86_64-apple-darwin16 --enable-languages=c,c++,objc,obj-c++,lto,fortran --libdir=/opt/local/lib/gcc7 --includedir=/opt/local/include/gcc7 --infodir=/opt/local/share/info --mandir=/opt/local/share/man --datarootdir=/opt/local/share/gcc-7 --with-local-prefix=/opt/local --with-system-zlib --disable-nls --program-suffix=-mp-7 --with-gxx-include-dir=/opt/local/include/gcc7/c++/ --with-gmp=/opt/local --with-mpfr=/opt/local --with-mpc=/opt/local --with-isl=/opt/local --enable-stage1-checking --disable-multilib --enable-lto --enable-libstdcxx-time --with-build-config=bootstrap-debug --with-as=/opt/local/bin/as --with-ld=/opt/local/bin/ld --with-ar=/opt/local/bin/ar --with-bugurl=https://trac.macports.org/newticket --with-pkgversion='MacPorts gcc7 7-20170622_0']
  ignore line: [Thread model: posix]
  ignore line: [gcc version 7.1.1 20170622 (MacPorts gcc7 7-20170622_0) ]
  ignore line: [COMPILER_PATH=/opt/local/libexec/gcc/x86_64-apple-darwin16/7.1.1/:/opt/local/libexec/gcc/x86_64-apple-darwin16/7.1.1/:/opt/local/libexec/gcc/x86_64-apple-darwin16/:/opt/local/lib/gcc7/gcc/x86_64-apple-darwin16/7.1.1/:/opt/local/lib/gcc7/gcc/x86_64-apple-darwin16/]
  ignore line: [LIBRARY_PATH=/opt/local/lib/gcc7/gcc/x86_64-apple-darwin16/7.1.1/:/opt/local/lib/gcc7/gcc/x86_64-apple-darwin16/7.1.1/../../../]
  ignore line: [COLLECT_GCC_OPTIONS='-v' '-o' 'cmTC_37391' '-mmacosx-version-min=10.12.6' '-asm_macosx_version_min=10.12' '-mtune=core2']
  link line: [ /opt/local/libexec/gcc/x86_64-apple-darwin16/7.1.1/collect2 -dynamic -arch x86_64 -macosx_version_min 10.12.6 -weak_reference_mismatches non-weak -o cmTC_37391 -L/opt/local/lib/gcc7/gcc/x86_64-apple-darwin16/7.1.1 -L/opt/local/lib/gcc7/gcc/x86_64-apple-darwin16/7.1.1/../../.. -search_paths_first -headerpad_max_install_names -v CMakeFiles/cmTC_37391.dir/CMakeCCompilerABI.c.o -no_compact_unwind -lSystem -lgcc_ext.10.5 -lgcc -lSystem -v]
    arg [/opt/local/libexec/gcc/x86_64-apple-darwin16/7.1.1/collect2] ==> ignore
    arg [-dynamic] ==> ignore
    arg [-arch] ==> ignore
    arg [x86_64] ==> ignore
    arg [-macosx_version_min] ==> ignore
    arg [10.12.6] ==> ignore
    arg [-weak_reference_mismatches] ==> ignore
    arg [non-weak] ==> ignore
    arg [-o] ==> ignore
    arg [cmTC_37391] ==> ignore
    arg [-L/opt/local/lib/gcc7/gcc/x86_64-apple-darwin16/7.1.1] ==> dir [/opt/local/lib/gcc7/gcc/x86_64-apple-darwin16/7.1.1]
    arg [-L/opt/local/lib/gcc7/gcc/x86_64-apple-darwin16/7.1.1/../../..] ==> dir [/opt/local/lib/gcc7/gcc/x86_64-apple-darwin16/7.1.1/../../..]
    arg [-search_paths_first] ==> ignore
    arg [-headerpad_max_install_names] ==> ignore
    arg [-v] ==> ignore
    arg [CMakeFiles/cmTC_37391.dir/CMakeCCompilerABI.c.o] ==> ignore
    arg [-no_compact_unwind] ==> ignore
    arg [-lSystem] ==> lib [System]
    arg [-lgcc_ext.10.5] ==> lib [gcc_ext.10.5]
    arg [-lgcc] ==> lib [gcc]
    arg [-lSystem] ==> lib [System]
    arg [-v] ==> ignore
  Library search paths: [;/opt/local/lib/gcc7/gcc/x86_64-apple-darwin16/7.1.1;/opt/local/lib/gcc7;/usr/lib;/usr/local/lib]
  Framework search paths: [;/Library/Frameworks/;/System/Library/Frameworks/]
  remove lib [System]
  remove lib [System]
  collapse library dir [/opt/local/lib/gcc7/gcc/x86_64-apple-darwin16/7.1.1] ==> [/opt/local/lib/gcc7/gcc/x86_64-apple-darwin16/7.1.1]
  collapse library dir [/opt/local/lib/gcc7/gcc/x86_64-apple-darwin16/7.1.1/../../..] ==> [/opt/local/lib/gcc7]
  collapse library dir [/opt/local/lib/gcc7/gcc/x86_64-apple-darwin16/7.1.1] ==> [/opt/local/lib/gcc7/gcc/x86_64-apple-darwin16/7.1.1]
  collapse library dir [/opt/local/lib/gcc7] ==> [/opt/local/lib/gcc7]
  collapse library dir [/usr/lib] ==> [/usr/lib]
  collapse library dir [/usr/local/lib] ==> [/usr/local/lib]
  collapse framework dir [/Library/Frameworks/] ==> [/Library/Frameworks]
  collapse framework dir [/System/Library/Frameworks/] ==> [/System/Library/Frameworks]
  implicit libs: [gcc_ext.10.5;gcc]
  implicit dirs: [/opt/local/lib/gcc7/gcc/x86_64-apple-darwin16/7.1.1;/opt/local/lib/gcc7;/usr/lib;/usr/local/lib]
  implicit fwks: [/Library/Frameworks;/System/Library/Frameworks]




Detecting C [-std=c11] compiler features compiled with the following output:
Change Dir: /Users/l127914/Repos/gitlab/petaca2-TeamCity/mwe/build/CMakeFiles/CMakeTmp

Run Build Command:"/usr/bin/make" "cmTC_d89f7/fast"
/Applications/Xcode.app/Contents/Developer/usr/bin/make -f CMakeFiles/cmTC_d89f7.dir/build.make CMakeFiles/cmTC_d89f7.dir/build
Building C object CMakeFiles/cmTC_d89f7.dir/feature_tests.c.o
/opt/local/bin/gcc   -std=c11 -o CMakeFiles/cmTC_d89f7.dir/feature_tests.c.o   -c /Users/l127914/Repos/gitlab/petaca2-TeamCity/mwe/build/CMakeFiles/feature_tests.c
Linking C executable cmTC_d89f7
/opt/local/bin/cmake -E cmake_link_script CMakeFiles/cmTC_d89f7.dir/link.txt --verbose=1
/opt/local/bin/gcc   -Wl,-search_paths_first -Wl,-headerpad_max_install_names   CMakeFiles/cmTC_d89f7.dir/feature_tests.c.o  -o cmTC_d89f7 


    Feature record: C_FEATURE:1c_function_prototypes
    Feature record: C_FEATURE:1c_restrict
    Feature record: C_FEATURE:1c_static_assert
    Feature record: C_FEATURE:1c_variadic_macros


Detecting C [-std=c99] compiler features compiled with the following output:
Change Dir: /Users/l127914/Repos/gitlab/petaca2-TeamCity/mwe/build/CMakeFiles/CMakeTmp

Run Build Command:"/usr/bin/make" "cmTC_7b548/fast"
/Applications/Xcode.app/Contents/Developer/usr/bin/make -f CMakeFiles/cmTC_7b548.dir/build.make CMakeFiles/cmTC_7b548.dir/build
Building C object CMakeFiles/cmTC_7b548.dir/feature_tests.c.o
/opt/local/bin/gcc   -std=c99 -o CMakeFiles/cmTC_7b548.dir/feature_tests.c.o   -c /Users/l127914/Repos/gitlab/petaca2-TeamCity/mwe/build/CMakeFiles/feature_tests.c
Linking C executable cmTC_7b548
/opt/local/bin/cmake -E cmake_link_script CMakeFiles/cmTC_7b548.dir/link.txt --verbose=1
/opt/local/bin/gcc   -Wl,-search_paths_first -Wl,-headerpad_max_install_names   CMakeFiles/cmTC_7b548.dir/feature_tests.c.o  -o cmTC_7b548 


    Feature record: C_FEATURE:1c_function_prototypes
    Feature record: C_FEATURE:1c_restrict
    Feature record: C_FEATURE:0c_static_assert
    Feature record: C_FEATURE:1c_variadic_macros


Detecting C [-std=c90] compiler features compiled with the following output:
Change Dir: /Users/l127914/Repos/gitlab/petaca2-TeamCity/mwe/build/CMakeFiles/CMakeTmp

Run Build Command:"/usr/bin/make" "cmTC_74c2c/fast"
/Applications/Xcode.app/Contents/Developer/usr/bin/make -f CMakeFiles/cmTC_74c2c.dir/build.make CMakeFiles/cmTC_74c2c.dir/build
Building C object CMakeFiles/cmTC_74c2c.dir/feature_tests.c.o
/opt/local/bin/gcc   -std=c90 -o CMakeFiles/cmTC_74c2c.dir/feature_tests.c.o   -c /Users/l127914/Repos/gitlab/petaca2-TeamCity/mwe/build/CMakeFiles/feature_tests.c
Linking C executable cmTC_74c2c
/opt/local/bin/cmake -E cmake_link_script CMakeFiles/cmTC_74c2c.dir/link.txt --verbose=1
/opt/local/bin/gcc   -Wl,-search_paths_first -Wl,-headerpad_max_install_names   CMakeFiles/cmTC_74c2c.dir/feature_tests.c.o  -o cmTC_74c2c 


    Feature record: C_FEATURE:1c_function_prototypes
    Feature record: C_FEATURE:0c_restrict
    Feature record: C_FEATURE:0c_static_assert
    Feature record: C_FEATURE:0c_variadic_macros
Determining if the CXX compiler works passed with the following output:
Change Dir: /Users/l127914/Repos/gitlab/petaca2-TeamCity/mwe/build/CMakeFiles/CMakeTmp

Run Build Command:"/usr/bin/make" "cmTC_950a2/fast"
/Applications/Xcode.app/Contents/Developer/usr/bin/make -f CMakeFiles/cmTC_950a2.dir/build.make CMakeFiles/cmTC_950a2.dir/build
Building CXX object CMakeFiles/cmTC_950a2.dir/testCXXCompiler.cxx.o
/opt/local/bin/c++     -o CMakeFiles/cmTC_950a2.dir/testCXXCompiler.cxx.o -c /Users/l127914/Repos/gitlab/petaca2-TeamCity/mwe/build/CMakeFiles/CMakeTmp/testCXXCompiler.cxx
Linking CXX executable cmTC_950a2
/opt/local/bin/cmake -E cmake_link_script CMakeFiles/cmTC_950a2.dir/link.txt --verbose=1
/opt/local/bin/c++    -Wl,-search_paths_first -Wl,-headerpad_max_install_names   CMakeFiles/cmTC_950a2.dir/testCXXCompiler.cxx.o  -o cmTC_950a2 


Detecting CXX compiler ABI info compiled with the following output:
Change Dir: /Users/l127914/Repos/gitlab/petaca2-TeamCity/mwe/build/CMakeFiles/CMakeTmp

Run Build Command:"/usr/bin/make" "cmTC_42c55/fast"
/Applications/Xcode.app/Contents/Developer/usr/bin/make -f CMakeFiles/cmTC_42c55.dir/build.make CMakeFiles/cmTC_42c55.dir/build
Building CXX object CMakeFiles/cmTC_42c55.dir/CMakeCXXCompilerABI.cpp.o
/opt/local/bin/c++     -o CMakeFiles/cmTC_42c55.dir/CMakeCXXCompilerABI.cpp.o -c /opt/local/share/cmake-3.9/Modules/CMakeCXXCompilerABI.cpp
Linking CXX executable cmTC_42c55
/opt/local/bin/cmake -E cmake_link_script CMakeFiles/cmTC_42c55.dir/link.txt --verbose=1
/opt/local/bin/c++    -Wl,-search_paths_first -Wl,-headerpad_max_install_names  -v -Wl,-v CMakeFiles/cmTC_42c55.dir/CMakeCXXCompilerABI.cpp.o  -o cmTC_42c55 
Using built-in specs.
COLLECT_GCC=/opt/local/bin/c++
COLLECT_LTO_WRAPPER=/opt/local/libexec/gcc/x86_64-apple-darwin16/7.1.1/lto-wrapper
Target: x86_64-apple-darwin16
Configured with: /opt/local/var/macports/build/_opt_bblocal_var_buildworker_ports_build_ports_lang_gcc7/gcc7/work/gcc-7-20170622/configure --prefix=/opt/local --build=x86_64-apple-darwin16 --enable-languages=c,c++,objc,obj-c++,lto,fortran --libdir=/opt/local/lib/gcc7 --includedir=/opt/local/include/gcc7 --infodir=/opt/local/share/info --mandir=/opt/local/share/man --datarootdir=/opt/local/share/gcc-7 --with-local-prefix=/opt/local --with-system-zlib --disable-nls --program-suffix=-mp-7 --with-gxx-include-dir=/opt/local/include/gcc7/c++/ --with-gmp=/opt/local --with-mpfr=/opt/local --with-mpc=/opt/local --with-isl=/opt/local --enable-stage1-checking --disable-multilib --enable-lto --enable-libstdcxx-time --with-build-config=bootstrap-debug --with-as=/opt/local/bin/as --with-ld=/opt/local/bin/ld --with-ar=/opt/local/bin/ar --with-bugurl=https://trac.macports.org/newticket --with-pkgversion='MacPorts gcc7 7-20170622_0'
Thread model: posix
gcc version 7.1.1 20170622 (MacPorts gcc7 7-20170622_0) 
COMPILER_PATH=/opt/local/libexec/gcc/x86_64-apple-darwin16/7.1.1/:/opt/local/libexec/gcc/x86_64-apple-darwin16/7.1.1/:/opt/local/libexec/gcc/x86_64-apple-darwin16/:/opt/local/lib/gcc7/gcc/x86_64-apple-darwin16/7.1.1/:/opt/local/lib/gcc7/gcc/x86_64-apple-darwin16/
LIBRARY_PATH=/opt/local/lib/gcc7/gcc/x86_64-apple-darwin16/7.1.1/:/opt/local/lib/gcc7/gcc/x86_64-apple-darwin16/7.1.1/../../../
COLLECT_GCC_OPTIONS='-v' '-o' 'cmTC_42c55' '-mmacosx-version-min=10.12.6' '-asm_macosx_version_min=10.12' '-shared-libgcc' '-mtune=core2'
 /opt/local/libexec/gcc/x86_64-apple-darwin16/7.1.1/collect2 -dynamic -arch x86_64 -macosx_version_min 10.12.6 -weak_reference_mismatches non-weak -o cmTC_42c55 -L/opt/local/lib/gcc7/gcc/x86_64-apple-darwin16/7.1.1 -L/opt/local/lib/gcc7/gcc/x86_64-apple-darwin16/7.1.1/../../.. -search_paths_first -headerpad_max_install_names -v CMakeFiles/cmTC_42c55.dir/CMakeCXXCompilerABI.cpp.o -lstdc++ -no_compact_unwind -lSystem -lgcc_ext.10.5 -lgcc -lSystem -v
collect2 version 7.1.1 20170622
/opt/local/bin/ld -dynamic -arch x86_64 -macosx_version_min 10.12.6 -weak_reference_mismatches non-weak -o cmTC_42c55 -L/opt/local/lib/gcc7/gcc/x86_64-apple-darwin16/7.1.1 -L/opt/local/lib/gcc7/gcc/x86_64-apple-darwin16/7.1.1/../../.. -search_paths_first -headerpad_max_install_names -v CMakeFiles/cmTC_42c55.dir/CMakeCXXCompilerABI.cpp.o -lstdc++ -no_compact_unwind -lSystem -lgcc_ext.10.5 -lgcc -lSystem -v
@(#)PROGRAM:ld  PROJECT:ld64-274.2
configured to support archs: i386 x86_64 x86_64h armv6 armv7 armv7s armv7m armv7k arm64 (tvOS)
@(#)PROGRAM:ld  PROJECT:ld64-274.2
configured to support archs: i386 x86_64 x86_64h armv6 armv7 armv7s armv7m armv7k arm64 (tvOS)
Library search paths:
	/opt/local/lib/gcc7/gcc/x86_64-apple-darwin16/7.1.1
	/opt/local/lib/gcc7
	/usr/lib
	/usr/local/lib
Framework search paths:
	/Library/Frameworks/
	/System/Library/Frameworks/
 /opt/local/bin/nm -n CMakeFiles/cmTC_42c55.dir/CMakeCXXCompilerABI.cpp.o


Parsed CXX implicit link information from above output:
  link line regex: [^( *|.*[/\])(ld|CMAKE_LINK_STARTFILE-NOTFOUND|([^/\]+-)?ld|collect2)[^/\]*( |$)]
  ignore line: [Change Dir: /Users/l127914/Repos/gitlab/petaca2-TeamCity/mwe/build/CMakeFiles/CMakeTmp]
  ignore line: []
  ignore line: [Run Build Command:"/usr/bin/make" "cmTC_42c55/fast"]
  ignore line: [/Applications/Xcode.app/Contents/Developer/usr/bin/make -f CMakeFiles/cmTC_42c55.dir/build.make CMakeFiles/cmTC_42c55.dir/build]
  ignore line: [Building CXX object CMakeFiles/cmTC_42c55.dir/CMakeCXXCompilerABI.cpp.o]
  ignore line: [/opt/local/bin/c++     -o CMakeFiles/cmTC_42c55.dir/CMakeCXXCompilerABI.cpp.o -c /opt/local/share/cmake-3.9/Modules/CMakeCXXCompilerABI.cpp]
  ignore line: [Linking CXX executable cmTC_42c55]
  ignore line: [/opt/local/bin/cmake -E cmake_link_script CMakeFiles/cmTC_42c55.dir/link.txt --verbose=1]
  ignore line: [/opt/local/bin/c++    -Wl,-search_paths_first -Wl,-headerpad_max_install_names  -v -Wl,-v CMakeFiles/cmTC_42c55.dir/CMakeCXXCompilerABI.cpp.o  -o cmTC_42c55 ]
  ignore line: [Using built-in specs.]
  ignore line: [COLLECT_GCC=/opt/local/bin/c++]
  ignore line: [COLLECT_LTO_WRAPPER=/opt/local/libexec/gcc/x86_64-apple-darwin16/7.1.1/lto-wrapper]
  ignore line: [Target: x86_64-apple-darwin16]
  ignore line: [Configured with: /opt/local/var/macports/build/_opt_bblocal_var_buildworker_ports_build_ports_lang_gcc7/gcc7/work/gcc-7-20170622/configure --prefix=/opt/local --build=x86_64-apple-darwin16 --enable-languages=c,c++,objc,obj-c++,lto,fortran --libdir=/opt/local/lib/gcc7 --includedir=/opt/local/include/gcc7 --infodir=/opt/local/share/info --mandir=/opt/local/share/man --datarootdir=/opt/local/share/gcc-7 --with-local-prefix=/opt/local --with-system-zlib --disable-nls --program-suffix=-mp-7 --with-gxx-include-dir=/opt/local/include/gcc7/c++/ --with-gmp=/opt/local --with-mpfr=/opt/local --with-mpc=/opt/local --with-isl=/opt/local --enable-stage1-checking --disable-multilib --enable-lto --enable-libstdcxx-time --with-build-config=bootstrap-debug --with-as=/opt/local/bin/as --with-ld=/opt/local/bin/ld --with-ar=/opt/local/bin/ar --with-bugurl=https://trac.macports.org/newticket --with-pkgversion='MacPorts gcc7 7-20170622_0']
  ignore line: [Thread model: posix]
  ignore line: [gcc version 7.1.1 20170622 (MacPorts gcc7 7-20170622_0) ]
  ignore line: [COMPILER_PATH=/opt/local/libexec/gcc/x86_64-apple-darwin16/7.1.1/:/opt/local/libexec/gcc/x86_64-apple-darwin16/7.1.1/:/opt/local/libexec/gcc/x86_64-apple-darwin16/:/opt/local/lib/gcc7/gcc/x86_64-apple-darwin16/7.1.1/:/opt/local/lib/gcc7/gcc/x86_64-apple-darwin16/]
  ignore line: [LIBRARY_PATH=/opt/local/lib/gcc7/gcc/x86_64-apple-darwin16/7.1.1/:/opt/local/lib/gcc7/gcc/x86_64-apple-darwin16/7.1.1/../../../]
  ignore line: [COLLECT_GCC_OPTIONS='-v' '-o' 'cmTC_42c55' '-mmacosx-version-min=10.12.6' '-asm_macosx_version_min=10.12' '-shared-libgcc' '-mtune=core2']
  link line: [ /opt/local/libexec/gcc/x86_64-apple-darwin16/7.1.1/collect2 -dynamic -arch x86_64 -macosx_version_min 10.12.6 -weak_reference_mismatches non-weak -o cmTC_42c55 -L/opt/local/lib/gcc7/gcc/x86_64-apple-darwin16/7.1.1 -L/opt/local/lib/gcc7/gcc/x86_64-apple-darwin16/7.1.1/../../.. -search_paths_first -headerpad_max_install_names -v CMakeFiles/cmTC_42c55.dir/CMakeCXXCompilerABI.cpp.o -lstdc++ -no_compact_unwind -lSystem -lgcc_ext.10.5 -lgcc -lSystem -v]
    arg [/opt/local/libexec/gcc/x86_64-apple-darwin16/7.1.1/collect2] ==> ignore
    arg [-dynamic] ==> ignore
    arg [-arch] ==> ignore
    arg [x86_64] ==> ignore
    arg [-macosx_version_min] ==> ignore
    arg [10.12.6] ==> ignore
    arg [-weak_reference_mismatches] ==> ignore
    arg [non-weak] ==> ignore
    arg [-o] ==> ignore
    arg [cmTC_42c55] ==> ignore
    arg [-L/opt/local/lib/gcc7/gcc/x86_64-apple-darwin16/7.1.1] ==> dir [/opt/local/lib/gcc7/gcc/x86_64-apple-darwin16/7.1.1]
    arg [-L/opt/local/lib/gcc7/gcc/x86_64-apple-darwin16/7.1.1/../../..] ==> dir [/opt/local/lib/gcc7/gcc/x86_64-apple-darwin16/7.1.1/../../..]
    arg [-search_paths_first] ==> ignore
    arg [-headerpad_max_install_names] ==> ignore
    arg [-v] ==> ignore
    arg [CMakeFiles/cmTC_42c55.dir/CMakeCXXCompilerABI.cpp.o] ==> ignore
    arg [-lstdc++] ==> lib [stdc++]
    arg [-no_compact_unwind] ==> ignore
    arg [-lSystem] ==> lib [System]
    arg [-lgcc_ext.10.5] ==> lib [gcc_ext.10.5]
    arg [-lgcc] ==> lib [gcc]
    arg [-lSystem] ==> lib [System]
    arg [-v] ==> ignore
  Library search paths: [;/opt/local/lib/gcc7/gcc/x86_64-apple-darwin16/7.1.1;/opt/local/lib/gcc7;/usr/lib;/usr/local/lib]
  Framework search paths: [;/Library/Frameworks/;/System/Library/Frameworks/]
  remove lib [System]
  remove lib [System]
  collapse library dir [/opt/local/lib/gcc7/gcc/x86_64-apple-darwin16/7.1.1] ==> [/opt/local/lib/gcc7/gcc/x86_64-apple-darwin16/7.1.1]
  collapse library dir [/opt/local/lib/gcc7/gcc/x86_64-apple-darwin16/7.1.1/../../..] ==> [/opt/local/lib/gcc7]
  collapse library dir [/opt/local/lib/gcc7/gcc/x86_64-apple-darwin16/7.1.1] ==> [/opt/local/lib/gcc7/gcc/x86_64-apple-darwin16/7.1.1]
  collapse library dir [/opt/local/lib/gcc7] ==> [/opt/local/lib/gcc7]
  collapse library dir [/usr/lib] ==> [/usr/lib]
  collapse library dir [/usr/local/lib] ==> [/usr/local/lib]
  collapse framework dir [/Library/Frameworks/] ==> [/Library/Frameworks]
  collapse framework dir [/System/Library/Frameworks/] ==> [/System/Library/Frameworks]
  implicit libs: [stdc++;gcc_ext.10.5;gcc]
  implicit dirs: [/opt/local/lib/gcc7/gcc/x86_64-apple-darwin16/7.1.1;/opt/local/lib/gcc7;/usr/lib;/usr/local/lib]
  implicit fwks: [/Library/Frameworks;/System/Library/Frameworks]




Detecting CXX [-std=c++1z] compiler features compiled with the following output:
Change Dir: /Users/l127914/Repos/gitlab/petaca2-TeamCity/mwe/build/CMakeFiles/CMakeTmp

Run Build Command:"/usr/bin/make" "cmTC_d168e/fast"
/Applications/Xcode.app/Contents/Developer/usr/bin/make -f CMakeFiles/cmTC_d168e.dir/build.make CMakeFiles/cmTC_d168e.dir/build
Building CXX object CMakeFiles/cmTC_d168e.dir/feature_tests.cxx.o
/opt/local/bin/c++    -std=c++1z -o CMakeFiles/cmTC_d168e.dir/feature_tests.cxx.o -c /Users/l127914/Repos/gitlab/petaca2-TeamCity/mwe/build/CMakeFiles/feature_tests.cxx
Linking CXX executable cmTC_d168e
/opt/local/bin/cmake -E cmake_link_script CMakeFiles/cmTC_d168e.dir/link.txt --verbose=1
/opt/local/bin/c++    -Wl,-search_paths_first -Wl,-headerpad_max_install_names   CMakeFiles/cmTC_d168e.dir/feature_tests.cxx.o  -o cmTC_d168e 


    Feature record: CXX_FEATURE:1cxx_aggregate_default_initializers
    Feature record: CXX_FEATURE:1cxx_alias_templates
    Feature record: CXX_FEATURE:1cxx_alignas
    Feature record: CXX_FEATURE:1cxx_alignof
    Feature record: CXX_FEATURE:1cxx_attributes
    Feature record: CXX_FEATURE:1cxx_attribute_deprecated
    Feature record: CXX_FEATURE:1cxx_auto_type
    Feature record: CXX_FEATURE:1cxx_binary_literals
    Feature record: CXX_FEATURE:1cxx_constexpr
    Feature record: CXX_FEATURE:1cxx_contextual_conversions
    Feature record: CXX_FEATURE:1cxx_decltype
    Feature record: CXX_FEATURE:1cxx_decltype_auto
    Feature record: CXX_FEATURE:1cxx_decltype_incomplete_return_types
    Feature record: CXX_FEATURE:1cxx_default_function_template_args
    Feature record: CXX_FEATURE:1cxx_defaulted_functions
    Feature record: CXX_FEATURE:1cxx_defaulted_move_initializers
    Feature record: CXX_FEATURE:1cxx_delegating_constructors
    Feature record: CXX_FEATURE:1cxx_deleted_functions
    Feature record: CXX_FEATURE:1cxx_digit_separators
    Feature record: CXX_FEATURE:1cxx_enum_forward_declarations
    Feature record: CXX_FEATURE:1cxx_explicit_conversions
    Feature record: CXX_FEATURE:1cxx_extended_friend_declarations
    Feature record: CXX_FEATURE:1cxx_extern_templates
    Feature record: CXX_FEATURE:1cxx_final
    Feature record: CXX_FEATURE:1cxx_func_identifier
    Feature record: CXX_FEATURE:1cxx_generalized_initializers
    Feature record: CXX_FEATURE:1cxx_generic_lambdas
    Feature record: CXX_FEATURE:1cxx_inheriting_constructors
    Feature record: CXX_FEATURE:1cxx_inline_namespaces
    Feature record: CXX_FEATURE:1cxx_lambdas
    Feature record: CXX_FEATURE:1cxx_lambda_init_captures
    Feature record: CXX_FEATURE:1cxx_local_type_template_args
    Feature record: CXX_FEATURE:1cxx_long_long_type
    Feature record: CXX_FEATURE:1cxx_noexcept
    Feature record: CXX_FEATURE:1cxx_nonstatic_member_init
    Feature record: CXX_FEATURE:1cxx_nullptr
    Feature record: CXX_FEATURE:1cxx_override
    Feature record: CXX_FEATURE:1cxx_range_for
    Feature record: CXX_FEATURE:1cxx_raw_string_literals
    Feature record: CXX_FEATURE:1cxx_reference_qualified_functions
    Feature record: CXX_FEATURE:1cxx_relaxed_constexpr
    Feature record: CXX_FEATURE:1cxx_return_type_deduction
    Feature record: CXX_FEATURE:1cxx_right_angle_brackets
    Feature record: CXX_FEATURE:1cxx_rvalue_references
    Feature record: CXX_FEATURE:1cxx_sizeof_member
    Feature record: CXX_FEATURE:1cxx_static_assert
    Feature record: CXX_FEATURE:1cxx_strong_enums
    Feature record: CXX_FEATURE:1cxx_template_template_parameters
    Feature record: CXX_FEATURE:1cxx_thread_local
    Feature record: CXX_FEATURE:1cxx_trailing_return_types
    Feature record: CXX_FEATURE:1cxx_unicode_literals
    Feature record: CXX_FEATURE:1cxx_uniform_initialization
    Feature record: CXX_FEATURE:1cxx_unrestricted_unions
    Feature record: CXX_FEATURE:1cxx_user_literals
    Feature record: CXX_FEATURE:1cxx_variable_templates
    Feature record: CXX_FEATURE:1cxx_variadic_macros
    Feature record: CXX_FEATURE:1cxx_variadic_templates


Detecting CXX [-std=c++14] compiler features compiled with the following output:
Change Dir: /Users/l127914/Repos/gitlab/petaca2-TeamCity/mwe/build/CMakeFiles/CMakeTmp

Run Build Command:"/usr/bin/make" "cmTC_8e778/fast"
/Applications/Xcode.app/Contents/Developer/usr/bin/make -f CMakeFiles/cmTC_8e778.dir/build.make CMakeFiles/cmTC_8e778.dir/build
Building CXX object CMakeFiles/cmTC_8e778.dir/feature_tests.cxx.o
/opt/local/bin/c++    -std=c++14 -o CMakeFiles/cmTC_8e778.dir/feature_tests.cxx.o -c /Users/l127914/Repos/gitlab/petaca2-TeamCity/mwe/build/CMakeFiles/feature_tests.cxx
Linking CXX executable cmTC_8e778
/opt/local/bin/cmake -E cmake_link_script CMakeFiles/cmTC_8e778.dir/link.txt --verbose=1
/opt/local/bin/c++    -Wl,-search_paths_first -Wl,-headerpad_max_install_names   CMakeFiles/cmTC_8e778.dir/feature_tests.cxx.o  -o cmTC_8e778 


    Feature record: CXX_FEATURE:1cxx_aggregate_default_initializers
    Feature record: CXX_FEATURE:1cxx_alias_templates
    Feature record: CXX_FEATURE:1cxx_alignas
    Feature record: CXX_FEATURE:1cxx_alignof
    Feature record: CXX_FEATURE:1cxx_attributes
    Feature record: CXX_FEATURE:1cxx_attribute_deprecated
    Feature record: CXX_FEATURE:1cxx_auto_type
    Feature record: CXX_FEATURE:1cxx_binary_literals
    Feature record: CXX_FEATURE:1cxx_constexpr
    Feature record: CXX_FEATURE:1cxx_contextual_conversions
    Feature record: CXX_FEATURE:1cxx_decltype
    Feature record: CXX_FEATURE:1cxx_decltype_auto
    Feature record: CXX_FEATURE:1cxx_decltype_incomplete_return_types
    Feature record: CXX_FEATURE:1cxx_default_function_template_args
    Feature record: CXX_FEATURE:1cxx_defaulted_functions
    Feature record: CXX_FEATURE:1cxx_defaulted_move_initializers
    Feature record: CXX_FEATURE:1cxx_delegating_constructors
    Feature record: CXX_FEATURE:1cxx_deleted_functions
    Feature record: CXX_FEATURE:1cxx_digit_separators
    Feature record: CXX_FEATURE:1cxx_enum_forward_declarations
    Feature record: CXX_FEATURE:1cxx_explicit_conversions
    Feature record: CXX_FEATURE:1cxx_extended_friend_declarations
    Feature record: CXX_FEATURE:1cxx_extern_templates
    Feature record: CXX_FEATURE:1cxx_final
    Feature record: CXX_FEATURE:1cxx_func_identifier
    Feature record: CXX_FEATURE:1cxx_generalized_initializers
    Feature record: CXX_FEATURE:1cxx_generic_lambdas
    Feature record: CXX_FEATURE:1cxx_inheriting_constructors
    Feature record: CXX_FEATURE:1cxx_inline_namespaces
    Feature record: CXX_FEATURE:1cxx_lambdas
    Feature record: CXX_FEATURE:1cxx_lambda_init_captures
    Feature record: CXX_FEATURE:1cxx_local_type_template_args
    Feature record: CXX_FEATURE:1cxx_long_long_type
    Feature record: CXX_FEATURE:1cxx_noexcept
    Feature record: CXX_FEATURE:1cxx_nonstatic_member_init
    Feature record: CXX_FEATURE:1cxx_nullptr
    Feature record: CXX_FEATURE:1cxx_override
    Feature record: CXX_FEATURE:1cxx_range_for
    Feature record: CXX_FEATURE:1cxx_raw_string_literals
    Feature record: CXX_FEATURE:1cxx_reference_qualified_functions
    Feature record: CXX_FEATURE:1cxx_relaxed_constexpr
    Feature record: CXX_FEATURE:1cxx_return_type_deduction
    Feature record: CXX_FEATURE:1cxx_right_angle_brackets
    Feature record: CXX_FEATURE:1cxx_rvalue_references
    Feature record: CXX_FEATURE:1cxx_sizeof_member
    Feature record: CXX_FEATURE:1cxx_static_assert
    Feature record: CXX_FEATURE:1cxx_strong_enums
    Feature record: CXX_FEATURE:1cxx_template_template_parameters
    Feature record: CXX_FEATURE:1cxx_thread_local
    Feature record: CXX_FEATURE:1cxx_trailing_return_types
    Feature record: CXX_FEATURE:1cxx_unicode_literals
    Feature record: CXX_FEATURE:1cxx_uniform_initialization
    Feature record: CXX_FEATURE:1cxx_unrestricted_unions
    Feature record: CXX_FEATURE:1cxx_user_literals
    Feature record: CXX_FEATURE:1cxx_variable_templates
    Feature record: CXX_FEATURE:1cxx_variadic_macros
    Feature record: CXX_FEATURE:1cxx_variadic_templates


Detecting CXX [-std=c++11] compiler features compiled with the following output:
Change Dir: /Users/l127914/Repos/gitlab/petaca2-TeamCity/mwe/build/CMakeFiles/CMakeTmp

Run Build Command:"/usr/bin/make" "cmTC_46a99/fast"
/Applications/Xcode.app/Contents/Developer/usr/bin/make -f CMakeFiles/cmTC_46a99.dir/build.make CMakeFiles/cmTC_46a99.dir/build
Building CXX object CMakeFiles/cmTC_46a99.dir/feature_tests.cxx.o
/opt/local/bin/c++    -std=c++11 -o CMakeFiles/cmTC_46a99.dir/feature_tests.cxx.o -c /Users/l127914/Repos/gitlab/petaca2-TeamCity/mwe/build/CMakeFiles/feature_tests.cxx
Linking CXX executable cmTC_46a99
/opt/local/bin/cmake -E cmake_link_script CMakeFiles/cmTC_46a99.dir/link.txt --verbose=1
/opt/local/bin/c++    -Wl,-search_paths_first -Wl,-headerpad_max_install_names   CMakeFiles/cmTC_46a99.dir/feature_tests.cxx.o  -o cmTC_46a99 


    Feature record: CXX_FEATURE:0cxx_aggregate_default_initializers
    Feature record: CXX_FEATURE:1cxx_alias_templates
    Feature record: CXX_FEATURE:1cxx_alignas
    Feature record: CXX_FEATURE:1cxx_alignof
    Feature record: CXX_FEATURE:1cxx_attributes
    Feature record: CXX_FEATURE:0cxx_attribute_deprecated
    Feature record: CXX_FEATURE:1cxx_auto_type
    Feature record: CXX_FEATURE:0cxx_binary_literals
    Feature record: CXX_FEATURE:1cxx_constexpr
    Feature record: CXX_FEATURE:0cxx_contextual_conversions
    Feature record: CXX_FEATURE:1cxx_decltype
    Feature record: CXX_FEATURE:0cxx_decltype_auto
    Feature record: CXX_FEATURE:1cxx_decltype_incomplete_return_types
    Feature record: CXX_FEATURE:1cxx_default_function_template_args
    Feature record: CXX_FEATURE:1cxx_defaulted_functions
    Feature record: CXX_FEATURE:1cxx_defaulted_move_initializers
    Feature record: CXX_FEATURE:1cxx_delegating_constructors
    Feature record: CXX_FEATURE:1cxx_deleted_functions
    Feature record: CXX_FEATURE:0cxx_digit_separators
    Feature record: CXX_FEATURE:1cxx_enum_forward_declarations
    Feature record: CXX_FEATURE:1cxx_explicit_conversions
    Feature record: CXX_FEATURE:1cxx_extended_friend_declarations
    Feature record: CXX_FEATURE:1cxx_extern_templates
    Feature record: CXX_FEATURE:1cxx_final
    Feature record: CXX_FEATURE:1cxx_func_identifier
    Feature record: CXX_FEATURE:1cxx_generalized_initializers
    Feature record: CXX_FEATURE:0cxx_generic_lambdas
    Feature record: CXX_FEATURE:1cxx_inheriting_constructors
    Feature record: CXX_FEATURE:1cxx_inline_namespaces
    Feature record: CXX_FEATURE:1cxx_lambdas
    Feature record: CXX_FEATURE:0cxx_lambda_init_captures
    Feature record: CXX_FEATURE:1cxx_local_type_template_args
    Feature record: CXX_FEATURE:1cxx_long_long_type
    Feature record: CXX_FEATURE:1cxx_noexcept
    Feature record: CXX_FEATURE:1cxx_nonstatic_member_init
    Feature record: CXX_FEATURE:1cxx_nullptr
    Feature record: CXX_FEATURE:1cxx_override
    Feature record: CXX_FEATURE:1cxx_range_for
    Feature record: CXX_FEATURE:1cxx_raw_string_literals
    Feature record: CXX_FEATURE:1cxx_reference_qualified_functions
    Feature record: CXX_FEATURE:0cxx_relaxed_constexpr
    Feature record: CXX_FEATURE:0cxx_return_type_deduction
    Feature record: CXX_FEATURE:1cxx_right_angle_brackets
    Feature record: CXX_FEATURE:1cxx_rvalue_references
    Feature record: CXX_FEATURE:1cxx_sizeof_member
    Feature record: CXX_FEATURE:1cxx_static_assert
    Feature record: CXX_FEATURE:1cxx_strong_enums
    Feature record: CXX_FEATURE:1cxx_template_template_parameters
    Feature record: CXX_FEATURE:1cxx_thread_local
    Feature record: CXX_FEATURE:1cxx_trailing_return_types
    Feature record: CXX_FEATURE:1cxx_unicode_literals
    Feature record: CXX_FEATURE:1cxx_uniform_initialization
    Feature record: CXX_FEATURE:1cxx_unrestricted_unions
    Feature record: CXX_FEATURE:1cxx_user_literals
    Feature record: CXX_FEATURE:0cxx_variable_templates
    Feature record: CXX_FEATURE:1cxx_variadic_macros
    Feature record: CXX_FEATURE:1cxx_variadic_templates


Detecting CXX [-std=c++98] compiler features compiled with the following output:
Change Dir: /Users/l127914/Repos/gitlab/petaca2-TeamCity/mwe/build/CMakeFiles/CMakeTmp

Run Build Command:"/usr/bin/make" "cmTC_50d0e/fast"
/Applications/Xcode.app/Contents/Developer/usr/bin/make -f CMakeFiles/cmTC_50d0e.dir/build.make CMakeFiles/cmTC_50d0e.dir/build
Building CXX object CMakeFiles/cmTC_50d0e.dir/feature_tests.cxx.o
/opt/local/bin/c++    -std=c++98 -o CMakeFiles/cmTC_50d0e.dir/feature_tests.cxx.o -c /Users/l127914/Repos/gitlab/petaca2-TeamCity/mwe/build/CMakeFiles/feature_tests.cxx
Linking CXX executable cmTC_50d0e
/opt/local/bin/cmake -E cmake_link_script CMakeFiles/cmTC_50d0e.dir/link.txt --verbose=1
/opt/local/bin/c++    -Wl,-search_paths_first -Wl,-headerpad_max_install_names   CMakeFiles/cmTC_50d0e.dir/feature_tests.cxx.o  -o cmTC_50d0e 


    Feature record: CXX_FEATURE:0cxx_aggregate_default_initializers
    Feature record: CXX_FEATURE:0cxx_alias_templates
    Feature record: CXX_FEATURE:0cxx_alignas
    Feature record: CXX_FEATURE:0cxx_alignof
    Feature record: CXX_FEATURE:0cxx_attributes
    Feature record: CXX_FEATURE:0cxx_attribute_deprecated
    Feature record: CXX_FEATURE:0cxx_auto_type
    Feature record: CXX_FEATURE:0cxx_binary_literals
    Feature record: CXX_FEATURE:0cxx_constexpr
    Feature record: CXX_FEATURE:0cxx_contextual_conversions
    Feature record: CXX_FEATURE:0cxx_decltype
    Feature record: CXX_FEATURE:0cxx_decltype_auto
    Feature record: CXX_FEATURE:0cxx_decltype_incomplete_return_types
    Feature record: CXX_FEATURE:0cxx_default_function_template_args
    Feature record: CXX_FEATURE:0cxx_defaulted_functions
    Feature record: CXX_FEATURE:0cxx_defaulted_move_initializers
    Feature record: CXX_FEATURE:0cxx_delegating_constructors
    Feature record: CXX_FEATURE:0cxx_deleted_functions
    Feature record: CXX_FEATURE:0cxx_digit_separators
    Feature record: CXX_FEATURE:0cxx_enum_forward_declarations
    Feature record: CXX_FEATURE:0cxx_explicit_conversions
    Feature record: CXX_FEATURE:0cxx_extended_friend_declarations
    Feature record: CXX_FEATURE:0cxx_extern_templates
    Feature record: CXX_FEATURE:0cxx_final
    Feature record: CXX_FEATURE:0cxx_func_identifier
    Feature record: CXX_FEATURE:0cxx_generalized_initializers
    Feature record: CXX_FEATURE:0cxx_generic_lambdas
    Feature record: CXX_FEATURE:0cxx_inheriting_constructors
    Feature record: CXX_FEATURE:0cxx_inline_namespaces
    Feature record: CXX_FEATURE:0cxx_lambdas
    Feature record: CXX_FEATURE:0cxx_lambda_init_captures
    Feature record: CXX_FEATURE:0cxx_local_type_template_args
    Feature record: CXX_FEATURE:0cxx_long_long_type
    Feature record: CXX_FEATURE:0cxx_noexcept
    Feature record: CXX_FEATURE:0cxx_nonstatic_member_init
    Feature record: CXX_FEATURE:0cxx_nullptr
    Feature record: CXX_FEATURE:0cxx_override
    Feature record: CXX_FEATURE:0cxx_range_for
    Feature record: CXX_FEATURE:0cxx_raw_string_literals
    Feature record: CXX_FEATURE:0cxx_reference_qualified_functions
    Feature record: CXX_FEATURE:0cxx_relaxed_constexpr
    Feature record: CXX_FEATURE:0cxx_return_type_deduction
    Feature record: CXX_FEATURE:0cxx_right_angle_brackets
    Feature record: CXX_FEATURE:0cxx_rvalue_references
    Feature record: CXX_FEATURE:0cxx_sizeof_member
    Feature record: CXX_FEATURE:0cxx_static_assert
    Feature record: CXX_FEATURE:0cxx_strong_enums
    Feature record: CXX_FEATURE:1cxx_template_template_parameters
    Feature record: CXX_FEATURE:0cxx_thread_local
    Feature record: CXX_FEATURE:0cxx_trailing_return_types
    Feature record: CXX_FEATURE:0cxx_unicode_literals
    Feature record: CXX_FEATURE:0cxx_uniform_initialization
    Feature record: CXX_FEATURE:0cxx_unrestricted_unions
    Feature record: CXX_FEATURE:0cxx_user_literals
    Feature record: CXX_FEATURE:0cxx_variable_templates
    Feature record: CXX_FEATURE:0cxx_variadic_macros
    Feature record: CXX_FEATURE:0cxx_variadic_templates
